{"contracts/ERC20.sol":{"l":{"14":72,"15":72,"19":72,"21":72,"22":72,"23":72,"25":72,"29":0,"30":0,"31":0,"32":0,"33":0,"35":0,"39":0,"44":53,"45":53,"46":53,"51":33,"52":33,"53":33,"58":20,"59":20,"60":20,"66":60,"67":20,"68":20,"70":60,"71":60,"72":60,"73":60,"77":22,"81":38},"path":"/Users/nobbyheell/Documents/workspace/myuniswap/智能合约/contracts/ERC20.sol","s":{"1":72,"2":72,"3":72,"4":72,"5":72,"6":72,"7":0,"8":0,"9":0,"10":0,"11":0,"12":0,"13":53,"14":53,"15":53,"16":33,"17":33,"18":33,"19":20,"20":20,"21":60,"22":20,"23":20,"24":60,"25":60,"26":60,"27":60,"28":22,"29":38},"b":{"1":[72,0],"2":[0,0],"3":[0,0],"4":[53,0],"5":[53,0],"6":[20,0],"7":[20,40],"8":[20,0]},"f":{"1":72,"2":72,"3":0,"4":0,"5":53,"6":33,"7":20,"8":60,"9":22,"10":38},"fnMap":{"1":{"name":"constructor","line":13,"loc":{"start":{"line":13,"column":4},"end":{"line":16,"column":4}}},"2":{"name":"_mint","line":18,"loc":{"start":{"line":18,"column":4},"end":{"line":26,"column":4}}},"3":{"name":"_burn","line":28,"loc":{"start":{"line":28,"column":4},"end":{"line":36,"column":4}}},"4":{"name":"decimals","line":38,"loc":{"start":{"line":38,"column":4},"end":{"line":40,"column":4}}},"5":{"name":"_approve","line":43,"loc":{"start":{"line":43,"column":4},"end":{"line":47,"column":4}}},"6":{"name":"approve","line":49,"loc":{"start":{"line":49,"column":4},"end":{"line":54,"column":4}}},"7":{"name":"_spendAllowance","line":57,"loc":{"start":{"line":57,"column":4},"end":{"line":63,"column":4}}},"8":{"name":"_transferFrom","line":65,"loc":{"start":{"line":65,"column":4},"end":{"line":74,"column":4}}},"9":{"name":"transferFrom","line":76,"loc":{"start":{"line":76,"column":4},"end":{"line":78,"column":4}}},"10":{"name":"transfer","line":80,"loc":{"start":{"line":80,"column":4},"end":{"line":82,"column":4}}}},"statementMap":{"1":{"start":{"line":14,"column":8},"end":{"line":14,"column":16}},"2":{"start":{"line":15,"column":8},"end":{"line":15,"column":19}},"3":{"start":{"line":19,"column":8},"end":{"line":19,"column":65}},"4":{"start":{"line":21,"column":8},"end":{"line":21,"column":27}},"5":{"start":{"line":23,"column":12},"end":{"line":23,"column":38}},"6":{"start":{"line":25,"column":8},"end":{"line":25,"column":49}},"7":{"start":{"line":29,"column":8},"end":{"line":29,"column":65}},"8":{"start":{"line":30,"column":8},"end":{"line":30,"column":73}},"9":{"start":{"line":32,"column":12},"end":{"line":32,"column":38}},"10":{"start":{"line":33,"column":12},"end":{"line":33,"column":31}},"11":{"start":{"line":35,"column":8},"end":{"line":35,"column":49}},"12":{"start":{"line":39,"column":8},"end":{"line":39,"column":17}},"13":{"start":{"line":44,"column":8},"end":{"line":44,"column":71}},"14":{"start":{"line":45,"column":8},"end":{"line":45,"column":67}},"15":{"start":{"line":46,"column":8},"end":{"line":46,"column":41}},"16":{"start":{"line":51,"column":8},"end":{"line":51,"column":44}},"17":{"start":{"line":52,"column":8},"end":{"line":52,"column":50}},"18":{"start":{"line":53,"column":8},"end":{"line":53,"column":19}},"19":{"start":{"line":58,"column":8},"end":{"line":58,"column":1882}},"20":{"start":{"line":60,"column":16},"end":{"line":60,"column":74}},"21":{"start":{"line":66,"column":8},"end":{"line":66,"column":2160}},"22":{"start":{"line":67,"column":12},"end":{"line":67,"column":89}},"23":{"start":{"line":68,"column":12},"end":{"line":68,"column":52}},"24":{"start":{"line":70,"column":8},"end":{"line":70,"column":32}},"25":{"start":{"line":71,"column":8},"end":{"line":71,"column":29}},"26":{"start":{"line":72,"column":8},"end":{"line":72,"column":39}},"27":{"start":{"line":73,"column":8},"end":{"line":73,"column":19}},"28":{"start":{"line":77,"column":8},"end":{"line":77,"column":46}},"29":{"start":{"line":81,"column":8},"end":{"line":81,"column":51}}},"branchMap":{"1":{"line":19,"type":"if","locations":[{"start":{"line":19,"column":8},"end":{"line":19,"column":8}},{"start":{"line":19,"column":8},"end":{"line":19,"column":8}}]},"2":{"line":29,"type":"if","locations":[{"start":{"line":29,"column":8},"end":{"line":29,"column":8}},{"start":{"line":29,"column":8},"end":{"line":29,"column":8}}]},"3":{"line":30,"type":"if","locations":[{"start":{"line":30,"column":8},"end":{"line":30,"column":8}},{"start":{"line":30,"column":8},"end":{"line":30,"column":8}}]},"4":{"line":44,"type":"if","locations":[{"start":{"line":44,"column":8},"end":{"line":44,"column":8}},{"start":{"line":44,"column":8},"end":{"line":44,"column":8}}]},"5":{"line":45,"type":"if","locations":[{"start":{"line":45,"column":8},"end":{"line":45,"column":8}},{"start":{"line":45,"column":8},"end":{"line":45,"column":8}}]},"6":{"line":58,"type":"if","locations":[{"start":{"line":58,"column":8},"end":{"line":58,"column":8}},{"start":{"line":58,"column":8},"end":{"line":58,"column":8}}]},"7":{"line":66,"type":"if","locations":[{"start":{"line":66,"column":8},"end":{"line":66,"column":8}},{"start":{"line":66,"column":8},"end":{"line":66,"column":8}}]},"8":{"line":67,"type":"if","locations":[{"start":{"line":67,"column":12},"end":{"line":67,"column":12}},{"start":{"line":67,"column":12},"end":{"line":67,"column":12}}]}}},"contracts/ERC20Mocker.sol":{"l":{},"path":"/Users/nobbyheell/Documents/workspace/myuniswap/智能合约/contracts/ERC20Mocker.sol","s":{},"b":{},"f":{},"fnMap":{},"statementMap":{},"branchMap":{}},"contracts/ERC20Token.sol":{"l":{"11":72},"path":"/Users/nobbyheell/Documents/workspace/myuniswap/智能合约/contracts/ERC20Token.sol","s":{"1":72},"b":{},"f":{"1":72},"fnMap":{"1":{"name":"constructor","line":10,"loc":{"start":{"line":6,"column":4},"end":{"line":12,"column":4}}}},"statementMap":{"1":{"start":{"line":11,"column":8},"end":{"line":11,"column":40}}},"branchMap":{}},"contracts/IERC20.sol":{"l":{},"path":"/Users/nobbyheell/Documents/workspace/myuniswap/智能合约/contracts/IERC20.sol","s":{},"b":{},"f":{},"fnMap":{},"statementMap":{},"branchMap":{}},"contracts/interfaces/IMasterChef.sol":{"l":{},"path":"/Users/nobbyheell/Documents/workspace/myuniswap/智能合约/contracts/interfaces/IMasterChef.sol","s":{},"b":{},"f":{},"fnMap":{},"statementMap":{},"branchMap":{}},"contracts/interfaces/IMiniChefV2.sol":{"l":{},"path":"/Users/nobbyheell/Documents/workspace/myuniswap/智能合约/contracts/interfaces/IMiniChefV2.sol","s":{},"b":{},"f":{},"fnMap":{},"statementMap":{},"branchMap":{}},"contracts/interfaces/IRewarder.sol":{"l":{},"path":"/Users/nobbyheell/Documents/workspace/myuniswap/智能合约/contracts/interfaces/IRewarder.sol","s":{},"b":{},"f":{},"fnMap":{},"statementMap":{},"branchMap":{}},"contracts/IUniswapERC20.sol":{"l":{},"path":"/Users/nobbyheell/Documents/workspace/myuniswap/智能合约/contracts/IUniswapERC20.sol","s":{},"b":{},"f":{},"fnMap":{},"statementMap":{},"branchMap":{}},"contracts/IUniswapV2Factory.sol":{"l":{},"path":"/Users/nobbyheell/Documents/workspace/myuniswap/智能合约/contracts/IUniswapV2Factory.sol","s":{},"b":{},"f":{},"fnMap":{},"statementMap":{},"branchMap":{}},"contracts/IUniswapV2Pair.sol":{"l":{},"path":"/Users/nobbyheell/Documents/workspace/myuniswap/智能合约/contracts/IUniswapV2Pair.sol","s":{},"b":{},"f":{},"fnMap":{},"statementMap":{},"branchMap":{}},"contracts/libraries/SignedSafeMath.sol":{"l":{"22":0,"23":0,"26":0,"28":0,"29":0,"31":0,"47":0,"48":0,"50":0,"52":0,"66":9,"67":9,"69":9,"83":9,"84":9,"86":9,"90":9,"91":9},"path":"/Users/nobbyheell/Documents/workspace/myuniswap/智能合约/contracts/libraries/SignedSafeMath.sol","s":{"1":0,"2":0,"3":0,"4":0,"5":0,"6":0,"7":0,"8":0,"9":0,"10":0,"11":9,"12":9,"13":9,"14":9,"15":9,"16":9,"17":9,"18":9},"b":{"1":[0,0],"2":[0,0],"3":[0,0],"4":[0,0],"5":[0,0],"6":[9,0],"7":[9,0],"8":[9,0]},"f":{"1":0,"2":0,"3":9,"4":9,"5":9},"fnMap":{"1":{"name":"mul","line":18,"loc":{"start":{"line":18,"column":4},"end":{"line":32,"column":4}}},"2":{"name":"div","line":46,"loc":{"start":{"line":46,"column":4},"end":{"line":53,"column":4}}},"3":{"name":"sub","line":65,"loc":{"start":{"line":65,"column":4},"end":{"line":70,"column":4}}},"4":{"name":"add","line":82,"loc":{"start":{"line":82,"column":4},"end":{"line":87,"column":4}}},"5":{"name":"toUInt256","line":89,"loc":{"start":{"line":89,"column":4},"end":{"line":92,"column":4}}}},"statementMap":{"1":{"start":{"line":22,"column":8},"end":{"line":22,"column":679}},"2":{"start":{"line":23,"column":12},"end":{"line":23,"column":20}},"3":{"start":{"line":26,"column":8},"end":{"line":26,"column":89}},"4":{"start":{"line":28,"column":8},"end":{"line":28,"column":24}},"5":{"start":{"line":29,"column":8},"end":{"line":29,"column":69}},"6":{"start":{"line":31,"column":8},"end":{"line":31,"column":16}},"7":{"start":{"line":47,"column":8},"end":{"line":47,"column":58}},"8":{"start":{"line":48,"column":8},"end":{"line":48,"column":83}},"9":{"start":{"line":50,"column":8},"end":{"line":50,"column":24}},"10":{"start":{"line":52,"column":8},"end":{"line":52,"column":16}},"11":{"start":{"line":66,"column":8},"end":{"line":66,"column":24}},"12":{"start":{"line":67,"column":8},"end":{"line":67,"column":94}},"13":{"start":{"line":69,"column":8},"end":{"line":69,"column":16}},"14":{"start":{"line":83,"column":8},"end":{"line":83,"column":24}},"15":{"start":{"line":84,"column":8},"end":{"line":84,"column":91}},"16":{"start":{"line":86,"column":8},"end":{"line":86,"column":16}},"17":{"start":{"line":90,"column":8},"end":{"line":90,"column":37}},"18":{"start":{"line":91,"column":8},"end":{"line":91,"column":25}}},"branchMap":{"1":{"line":22,"type":"if","locations":[{"start":{"line":22,"column":8},"end":{"line":22,"column":8}},{"start":{"line":22,"column":8},"end":{"line":22,"column":8}}]},"2":{"line":26,"type":"if","locations":[{"start":{"line":26,"column":8},"end":{"line":26,"column":8}},{"start":{"line":26,"column":8},"end":{"line":26,"column":8}}]},"3":{"line":29,"type":"if","locations":[{"start":{"line":29,"column":8},"end":{"line":29,"column":8}},{"start":{"line":29,"column":8},"end":{"line":29,"column":8}}]},"4":{"line":47,"type":"if","locations":[{"start":{"line":47,"column":8},"end":{"line":47,"column":8}},{"start":{"line":47,"column":8},"end":{"line":47,"column":8}}]},"5":{"line":48,"type":"if","locations":[{"start":{"line":48,"column":8},"end":{"line":48,"column":8}},{"start":{"line":48,"column":8},"end":{"line":48,"column":8}}]},"6":{"line":67,"type":"if","locations":[{"start":{"line":67,"column":8},"end":{"line":67,"column":8}},{"start":{"line":67,"column":8},"end":{"line":67,"column":8}}]},"7":{"line":84,"type":"if","locations":[{"start":{"line":84,"column":8},"end":{"line":84,"column":8}},{"start":{"line":84,"column":8},"end":{"line":84,"column":8}}]},"8":{"line":90,"type":"if","locations":[{"start":{"line":90,"column":8},"end":{"line":90,"column":8}},{"start":{"line":90,"column":8},"end":{"line":90,"column":8}}]}}},"contracts/MasterChef.sol":{"l":{"93":0,"94":0,"95":0,"96":0,"97":0,"101":0,"111":0,"112":0,"114":0,"116":0,"117":0,"133":0,"134":0,"136":0,"139":0,"144":0,"149":0,"150":0,"151":0,"152":0,"153":0,"154":0,"155":0,"156":0,"165":0,"166":0,"168":0,"170":0,"183":0,"184":0,"185":0,"186":0,"187":0,"188":0,"190":0,"194":0,"198":0,"203":0,"204":0,"205":0,"211":0,"212":0,"213":0,"215":0,"216":0,"217":0,"218":0,"220":0,"221":0,"225":0,"226":0,"227":0,"230":0,"235":0,"236":0,"237":0,"238":0,"239":0,"243":0,"245":0,"250":0,"251":0,"252":0,"257":0,"258":0,"259":0,"260":0,"261":0,"265":0,"266":0,"267":0,"268":0,"269":0,"274":0,"275":0,"276":0,"277":0,"278":0,"279":0,"284":0,"285":0,"286":0,"288":0,"294":0,"295":0},"path":"/Users/nobbyheell/Documents/workspace/myuniswap/智能合约/contracts/MasterChef.sol","s":{"1":0,"2":0,"3":0,"4":0,"5":0,"6":0,"7":0,"8":0,"9":0,"10":0,"11":0,"12":0,"13":0,"14":0,"15":0,"16":0,"17":0,"18":0,"19":0,"20":0,"21":0,"22":0,"23":0,"24":0,"25":0,"26":0,"27":0,"28":0,"29":0,"30":0,"31":0,"32":0,"33":0,"34":0,"35":0,"36":0,"37":0,"38":0,"39":0,"40":0,"41":0,"42":0,"43":0,"44":0,"45":0,"46":0,"47":0,"48":0,"49":0,"50":0,"51":0,"52":0,"53":0,"54":0,"55":0,"56":0,"57":0,"58":0,"59":0,"60":0,"61":0,"62":0,"63":0,"64":0,"65":0,"66":0,"67":0,"68":0,"69":0,"70":0,"71":0,"72":0,"73":0,"74":0,"75":0,"76":0,"77":0,"78":0,"79":0,"80":0,"81":0,"82":0,"83":0,"84":0,"85":0,"86":0},"b":{"1":[0,0],"2":[0,0],"3":[0,0],"4":[0,0],"5":[0,0],"6":[0,0],"7":[0,0],"8":[0,0],"9":[0,0],"10":[0,0],"11":[0,0],"12":[0,0],"13":[0,0]},"f":{"1":0,"2":0,"3":0,"4":0,"5":0,"6":0,"7":0,"8":0,"9":0,"10":0,"11":0,"12":0,"13":0,"14":0,"15":0},"fnMap":{"1":{"name":"constructor","line":86,"loc":{"start":{"line":86,"column":4},"end":{"line":98,"column":4}}},"2":{"name":"poolLength","line":100,"loc":{"start":{"line":100,"column":4},"end":{"line":102,"column":4}}},"3":{"name":"add","line":110,"loc":{"start":{"line":106,"column":4},"end":{"line":125,"column":4}}},"4":{"name":"set","line":132,"loc":{"start":{"line":128,"column":4},"end":{"line":140,"column":4}}},"5":{"name":"setMigrator","line":143,"loc":{"start":{"line":143,"column":4},"end":{"line":145,"column":4}}},"6":{"name":"migrate","line":148,"loc":{"start":{"line":148,"column":4},"end":{"line":157,"column":4}}},"7":{"name":"getMultiplier","line":160,"loc":{"start":{"line":160,"column":4},"end":{"line":175,"column":4}}},"8":{"name":"pendingSushi","line":178,"loc":{"start":{"line":178,"column":4},"end":{"line":199,"column":4}}},"9":{"name":"massUpdatePools","line":202,"loc":{"start":{"line":202,"column":4},"end":{"line":207,"column":4}}},"10":{"name":"updatePool","line":210,"loc":{"start":{"line":210,"column":4},"end":{"line":231,"column":4}}},"11":{"name":"deposit","line":234,"loc":{"start":{"line":234,"column":4},"end":{"line":253,"column":4}}},"12":{"name":"withdraw","line":256,"loc":{"start":{"line":256,"column":4},"end":{"line":270,"column":4}}},"13":{"name":"emergencyWithdraw","line":273,"loc":{"start":{"line":273,"column":4},"end":{"line":280,"column":4}}},"14":{"name":"safeSushiTransfer","line":283,"loc":{"start":{"line":283,"column":4},"end":{"line":290,"column":4}}},"15":{"name":"dev","line":293,"loc":{"start":{"line":293,"column":4},"end":{"line":296,"column":4}}}},"statementMap":{"1":{"start":{"line":93,"column":8},"end":{"line":93,"column":21}},"2":{"start":{"line":94,"column":8},"end":{"line":94,"column":25}},"3":{"start":{"line":95,"column":8},"end":{"line":95,"column":37}},"4":{"start":{"line":96,"column":8},"end":{"line":96,"column":37}},"5":{"start":{"line":97,"column":8},"end":{"line":97,"column":31}},"6":{"start":{"line":101,"column":8},"end":{"line":101,"column":30}},"7":{"start":{"line":111,"column":8},"end":{"line":111,"column":4554}},"8":{"start":{"line":112,"column":12},"end":{"line":112,"column":28}},"9":{"start":{"line":114,"column":8},"end":{"line":114,"column":4679}},"10":{"start":{"line":116,"column":8},"end":{"line":116,"column":57}},"11":{"start":{"line":117,"column":8},"end":{"line":117,"column":4783}},"12":{"start":{"line":133,"column":8},"end":{"line":133,"column":5231}},"13":{"start":{"line":134,"column":12},"end":{"line":134,"column":28}},"14":{"start":{"line":136,"column":8},"end":{"line":136,"column":5299}},"15":{"start":{"line":139,"column":8},"end":{"line":139,"column":46}},"16":{"start":{"line":144,"column":8},"end":{"line":144,"column":27}},"17":{"start":{"line":149,"column":8},"end":{"line":149,"column":71}},"18":{"start":{"line":150,"column":8},"end":{"line":150,"column":46}},"19":{"start":{"line":151,"column":8},"end":{"line":151,"column":37}},"20":{"start":{"line":152,"column":8},"end":{"line":152,"column":54}},"21":{"start":{"line":153,"column":8},"end":{"line":153,"column":50}},"22":{"start":{"line":154,"column":8},"end":{"line":154,"column":53}},"23":{"start":{"line":155,"column":8},"end":{"line":155,"column":74}},"24":{"start":{"line":156,"column":8},"end":{"line":156,"column":32}},"25":{"start":{"line":165,"column":8},"end":{"line":165,"column":6425}},"26":{"start":{"line":166,"column":12},"end":{"line":166,"column":55}},"27":{"start":{"line":167,"column":15},"end":{"line":167,"column":6525}},"28":{"start":{"line":168,"column":12},"end":{"line":168,"column":33}},"29":{"start":{"line":170,"column":12},"end":{"line":170,"column":6628}},"30":{"start":{"line":183,"column":8},"end":{"line":183,"column":46}},"31":{"start":{"line":184,"column":8},"end":{"line":184,"column":53}},"32":{"start":{"line":185,"column":8},"end":{"line":185,"column":56}},"33":{"start":{"line":186,"column":8},"end":{"line":186,"column":64}},"34":{"start":{"line":187,"column":8},"end":{"line":187,"column":7181}},"35":{"start":{"line":188,"column":12},"end":{"line":188,"column":7310}},"36":{"start":{"line":190,"column":12},"end":{"line":190,"column":7362}},"37":{"start":{"line":194,"column":12},"end":{"line":194,"column":7518}},"38":{"start":{"line":198,"column":8},"end":{"line":198,"column":79}},"39":{"start":{"line":203,"column":8},"end":{"line":203,"column":40}},"40":{"start":{"line":204,"column":8},"end":{"line":204,"column":7884}},"41":{"start":{"line":205,"column":12},"end":{"line":205,"column":26}},"42":{"start":{"line":211,"column":8},"end":{"line":211,"column":46}},"43":{"start":{"line":212,"column":8},"end":{"line":212,"column":8145}},"44":{"start":{"line":213,"column":12},"end":{"line":213,"column":18}},"45":{"start":{"line":215,"column":8},"end":{"line":215,"column":64}},"46":{"start":{"line":216,"column":8},"end":{"line":216,"column":8324}},"47":{"start":{"line":217,"column":12},"end":{"line":217,"column":46}},"48":{"start":{"line":218,"column":12},"end":{"line":218,"column":18}},"49":{"start":{"line":220,"column":8},"end":{"line":220,"column":78}},"50":{"start":{"line":221,"column":8},"end":{"line":221,"column":8538}},"51":{"start":{"line":225,"column":8},"end":{"line":225,"column":47}},"52":{"start":{"line":226,"column":8},"end":{"line":226,"column":45}},"53":{"start":{"line":227,"column":8},"end":{"line":227,"column":8776}},"54":{"start":{"line":230,"column":8},"end":{"line":230,"column":42}},"55":{"start":{"line":235,"column":8},"end":{"line":235,"column":46}},"56":{"start":{"line":236,"column":8},"end":{"line":236,"column":58}},"57":{"start":{"line":237,"column":8},"end":{"line":237,"column":23}},"58":{"start":{"line":238,"column":8},"end":{"line":238,"column":9214}},"59":{"start":{"line":239,"column":12},"end":{"line":239,"column":9258}},"60":{"start":{"line":243,"column":12},"end":{"line":243,"column":49}},"61":{"start":{"line":245,"column":8},"end":{"line":245,"column":9462}},"62":{"start":{"line":250,"column":8},"end":{"line":250,"column":45}},"63":{"start":{"line":251,"column":8},"end":{"line":251,"column":73}},"64":{"start":{"line":252,"column":8},"end":{"line":252,"column":47}},"65":{"start":{"line":257,"column":8},"end":{"line":257,"column":46}},"66":{"start":{"line":258,"column":8},"end":{"line":258,"column":58}},"67":{"start":{"line":259,"column":8},"end":{"line":259,"column":60}},"68":{"start":{"line":260,"column":8},"end":{"line":260,"column":23}},"69":{"start":{"line":261,"column":8},"end":{"line":261,"column":10079}},"70":{"start":{"line":265,"column":8},"end":{"line":265,"column":45}},"71":{"start":{"line":266,"column":8},"end":{"line":266,"column":45}},"72":{"start":{"line":267,"column":8},"end":{"line":267,"column":73}},"73":{"start":{"line":268,"column":8},"end":{"line":268,"column":62}},"74":{"start":{"line":269,"column":8},"end":{"line":269,"column":48}},"75":{"start":{"line":274,"column":8},"end":{"line":274,"column":46}},"76":{"start":{"line":275,"column":8},"end":{"line":275,"column":58}},"77":{"start":{"line":276,"column":8},"end":{"line":276,"column":66}},"78":{"start":{"line":277,"column":8},"end":{"line":277,"column":61}},"79":{"start":{"line":278,"column":8},"end":{"line":278,"column":22}},"80":{"start":{"line":279,"column":8},"end":{"line":279,"column":26}},"81":{"start":{"line":284,"column":8},"end":{"line":284,"column":57}},"82":{"start":{"line":285,"column":8},"end":{"line":285,"column":11162}},"83":{"start":{"line":286,"column":12},"end":{"line":286,"column":40}},"84":{"start":{"line":288,"column":12},"end":{"line":288,"column":39}},"85":{"start":{"line":294,"column":8},"end":{"line":294,"column":50}},"86":{"start":{"line":295,"column":8},"end":{"line":295,"column":25}}},"branchMap":{"1":{"line":111,"type":"if","locations":[{"start":{"line":111,"column":8},"end":{"line":111,"column":8}},{"start":{"line":111,"column":8},"end":{"line":111,"column":8}}]},"2":{"line":133,"type":"if","locations":[{"start":{"line":133,"column":8},"end":{"line":133,"column":8}},{"start":{"line":133,"column":8},"end":{"line":133,"column":8}}]},"3":{"line":149,"type":"if","locations":[{"start":{"line":149,"column":8},"end":{"line":149,"column":8}},{"start":{"line":149,"column":8},"end":{"line":149,"column":8}}]},"4":{"line":155,"type":"if","locations":[{"start":{"line":155,"column":8},"end":{"line":155,"column":8}},{"start":{"line":155,"column":8},"end":{"line":155,"column":8}}]},"5":{"line":165,"type":"if","locations":[{"start":{"line":165,"column":8},"end":{"line":165,"column":8}},{"start":{"line":165,"column":8},"end":{"line":165,"column":8}}]},"6":{"line":167,"type":"if","locations":[{"start":{"line":167,"column":15},"end":{"line":167,"column":15}},{"start":{"line":167,"column":15},"end":{"line":167,"column":15}}]},"7":{"line":187,"type":"if","locations":[{"start":{"line":187,"column":8},"end":{"line":187,"column":8}},{"start":{"line":187,"column":8},"end":{"line":187,"column":8}}]},"8":{"line":212,"type":"if","locations":[{"start":{"line":212,"column":8},"end":{"line":212,"column":8}},{"start":{"line":212,"column":8},"end":{"line":212,"column":8}}]},"9":{"line":216,"type":"if","locations":[{"start":{"line":216,"column":8},"end":{"line":216,"column":8}},{"start":{"line":216,"column":8},"end":{"line":216,"column":8}}]},"10":{"line":238,"type":"if","locations":[{"start":{"line":238,"column":8},"end":{"line":238,"column":8}},{"start":{"line":238,"column":8},"end":{"line":238,"column":8}}]},"11":{"line":259,"type":"if","locations":[{"start":{"line":259,"column":8},"end":{"line":259,"column":8}},{"start":{"line":259,"column":8},"end":{"line":259,"column":8}}]},"12":{"line":285,"type":"if","locations":[{"start":{"line":285,"column":8},"end":{"line":285,"column":8}},{"start":{"line":285,"column":8},"end":{"line":285,"column":8}}]},"13":{"line":294,"type":"if","locations":[{"start":{"line":294,"column":8},"end":{"line":294,"column":8}},{"start":{"line":294,"column":8},"end":{"line":294,"column":8}}]}}},"contracts/MasterChefV2.sol":{"l":{"99":24,"100":24,"101":24,"102":24,"107":1,"118":10,"119":10,"121":10,"123":10,"124":10,"125":10,"126":10,"127":10,"129":10,"134":10,"143":2,"144":2,"145":2,"146":2,"152":0,"158":0,"159":0,"160":0,"161":0,"162":0,"163":0,"164":0,"173":3,"174":3,"175":3,"176":3,"177":3,"178":1,"180":1,"182":1,"185":3,"191":1,"192":1,"193":1,"201":21,"202":21,"203":15,"204":15,"205":10,"206":10,"207":10,"208":10,"211":10,"213":10,"215":10,"217":15,"218":15,"219":15,"228":9,"229":9,"232":9,"234":9,"237":9,"238":9,"241":1,"244":9,"246":9,"254":0,"255":0,"258":0,"259":0,"262":0,"263":0,"265":0,"269":0,"271":0,"278":6,"279":6,"281":6,"282":6,"285":6,"288":6,"290":6,"293":6,"294":6,"296":0,"299":6,"307":0,"308":0,"309":0,"310":0,"313":0,"314":0,"317":0,"319":0,"320":0,"322":0,"325":0,"327":0,"328":0,"336":1,"337":1,"338":1,"339":1,"341":1,"342":1,"345":1,"349":1,"350":1},"path":"/Users/nobbyheell/Documents/workspace/myuniswap/智能合约/contracts/MasterChefV2.sol","s":{"1":24,"2":24,"3":24,"4":24,"5":1,"6":10,"7":10,"8":10,"9":10,"10":10,"11":10,"12":10,"13":10,"14":10,"15":10,"16":2,"17":2,"18":2,"19":1,"20":2,"21":0,"22":0,"23":0,"24":0,"25":0,"26":0,"27":0,"28":0,"29":3,"30":3,"31":3,"32":3,"33":3,"34":1,"35":1,"36":1,"37":3,"38":1,"39":1,"40":1,"41":21,"42":21,"43":15,"44":15,"45":10,"46":10,"47":10,"48":10,"49":10,"50":10,"51":10,"52":15,"53":15,"54":15,"55":9,"56":9,"57":9,"58":9,"59":9,"60":9,"61":1,"62":9,"63":9,"64":0,"65":0,"66":0,"67":0,"68":0,"69":0,"70":0,"71":0,"72":0,"73":6,"74":6,"75":6,"76":6,"77":6,"78":6,"79":6,"80":6,"81":6,"82":0,"83":6,"84":0,"85":0,"86":0,"87":0,"88":0,"89":0,"90":0,"91":0,"92":0,"93":0,"94":0,"95":0,"96":0,"97":1,"98":1,"99":1,"100":1,"101":1,"102":1,"103":1,"104":1,"105":1},"b":{"1":[10,0],"2":[10,0],"3":[10,0],"4":[1,1],"5":[0,0],"6":[0,0],"7":[1,2],"8":[15,6],"9":[10,5],"10":[1,8],"11":[0,0],"12":[6,0],"13":[0,6],"14":[0,0],"15":[1,0]},"f":{"1":24,"2":1,"3":10,"4":2,"5":0,"6":0,"7":3,"8":1,"9":21,"10":9,"11":0,"12":6,"13":0,"14":1},"fnMap":{"1":{"name":"constructor","line":95,"loc":{"start":{"line":95,"column":4},"end":{"line":103,"column":4}}},"2":{"name":"poolLength","line":106,"loc":{"start":{"line":106,"column":4},"end":{"line":108,"column":4}}},"3":{"name":"add","line":117,"loc":{"start":{"line":115,"column":4},"end":{"line":135,"column":4}}},"4":{"name":"set","line":142,"loc":{"start":{"line":142,"column":4},"end":{"line":147,"column":4}}},"5":{"name":"setMigrator","line":151,"loc":{"start":{"line":151,"column":4},"end":{"line":153,"column":4}}},"6":{"name":"migrate","line":157,"loc":{"start":{"line":157,"column":4},"end":{"line":165,"column":4}}},"7":{"name":"pendingSushi","line":171,"loc":{"start":{"line":171,"column":4},"end":{"line":186,"column":4}}},"8":{"name":"massUpdatePools","line":190,"loc":{"start":{"line":190,"column":4},"end":{"line":195,"column":4}}},"9":{"name":"updatePool","line":200,"loc":{"start":{"line":200,"column":4},"end":{"line":221,"column":4}}},"10":{"name":"deposit","line":227,"loc":{"start":{"line":227,"column":4},"end":{"line":247,"column":4}}},"11":{"name":"withdraw","line":253,"loc":{"start":{"line":253,"column":4},"end":{"line":272,"column":4}}},"12":{"name":"harvest","line":277,"loc":{"start":{"line":277,"column":4},"end":{"line":300,"column":4}}},"13":{"name":"withdrawAndHarvest","line":306,"loc":{"start":{"line":306,"column":4},"end":{"line":329,"column":4}}},"14":{"name":"emergencyWithdraw","line":334,"loc":{"start":{"line":334,"column":4},"end":{"line":351,"column":4}}}},"statementMap":{"1":{"start":{"line":99,"column":8},"end":{"line":99,"column":21}},"2":{"start":{"line":100,"column":8},"end":{"line":100,"column":41}},"3":{"start":{"line":101,"column":8},"end":{"line":101,"column":37}},"4":{"start":{"line":102,"column":8},"end":{"line":102,"column":31}},"5":{"start":{"line":107,"column":8},"end":{"line":107,"column":30}},"6":{"start":{"line":118,"column":8},"end":{"line":118,"column":84}},"7":{"start":{"line":119,"column":8},"end":{"line":119,"column":5219}},"8":{"start":{"line":121,"column":8},"end":{"line":121,"column":95}},"9":{"start":{"line":123,"column":8},"end":{"line":123,"column":87}},"10":{"start":{"line":124,"column":8},"end":{"line":124,"column":56}},"11":{"start":{"line":125,"column":8},"end":{"line":125,"column":29}},"12":{"start":{"line":126,"column":8},"end":{"line":126,"column":46}},"13":{"start":{"line":127,"column":8},"end":{"line":127,"column":31}},"14":{"start":{"line":129,"column":8},"end":{"line":129,"column":5701}},"15":{"start":{"line":134,"column":8},"end":{"line":134,"column":84}},"16":{"start":{"line":143,"column":8},"end":{"line":143,"column":88}},"17":{"start":{"line":144,"column":8},"end":{"line":144,"column":54}},"18":{"start":{"line":145,"column":8},"end":{"line":145,"column":53}},"19":{"start":{"line":145,"column":25},"end":{"line":145,"column":50}},"20":{"start":{"line":146,"column":8},"end":{"line":146,"column":93}},"21":{"start":{"line":152,"column":8},"end":{"line":152,"column":27}},"22":{"start":{"line":158,"column":8},"end":{"line":158,"column":80}},"23":{"start":{"line":159,"column":8},"end":{"line":159,"column":39}},"24":{"start":{"line":160,"column":8},"end":{"line":160,"column":55}},"25":{"start":{"line":161,"column":8},"end":{"line":161,"column":47}},"26":{"start":{"line":162,"column":8},"end":{"line":162,"column":54}},"27":{"start":{"line":163,"column":8},"end":{"line":163,"column":103}},"28":{"start":{"line":164,"column":8},"end":{"line":164,"column":33}},"29":{"start":{"line":173,"column":8},"end":{"line":173,"column":45}},"30":{"start":{"line":174,"column":8},"end":{"line":174,"column":53}},"31":{"start":{"line":175,"column":8},"end":{"line":175,"column":56}},"32":{"start":{"line":176,"column":8},"end":{"line":176,"column":65}},"33":{"start":{"line":177,"column":8},"end":{"line":177,"column":8228}},"34":{"start":{"line":178,"column":12},"end":{"line":178,"column":67}},"35":{"start":{"line":180,"column":12},"end":{"line":180,"column":98}},"36":{"start":{"line":182,"column":12},"end":{"line":182,"column":99}},"37":{"start":{"line":185,"column":8},"end":{"line":185,"column":113}},"38":{"start":{"line":191,"column":8},"end":{"line":191,"column":33}},"39":{"start":{"line":192,"column":8},"end":{"line":192,"column":9123}},"40":{"start":{"line":193,"column":12},"end":{"line":193,"column":30}},"41":{"start":{"line":201,"column":8},"end":{"line":201,"column":27}},"42":{"start":{"line":202,"column":8},"end":{"line":202,"column":9550}},"43":{"start":{"line":203,"column":12},"end":{"line":203,"column":68}},"44":{"start":{"line":204,"column":12},"end":{"line":204,"column":9679}},"45":{"start":{"line":205,"column":16},"end":{"line":205,"column":71}},"46":{"start":{"line":206,"column":16},"end":{"line":206,"column":102}},"47":{"start":{"line":207,"column":16},"end":{"line":207,"column":78}},"48":{"start":{"line":208,"column":16},"end":{"line":208,"column":80}},"49":{"start":{"line":211,"column":16},"end":{"line":211,"column":87}},"50":{"start":{"line":213,"column":16},"end":{"line":213,"column":54}},"51":{"start":{"line":215,"column":16},"end":{"line":215,"column":77}},"52":{"start":{"line":217,"column":12},"end":{"line":217,"column":54}},"53":{"start":{"line":218,"column":12},"end":{"line":218,"column":31}},"54":{"start":{"line":219,"column":12},"end":{"line":219,"column":90}},"55":{"start":{"line":228,"column":8},"end":{"line":228,"column":46}},"56":{"start":{"line":229,"column":8},"end":{"line":229,"column":49}},"57":{"start":{"line":232,"column":8},"end":{"line":232,"column":44}},"58":{"start":{"line":234,"column":8},"end":{"line":234,"column":109}},"59":{"start":{"line":237,"column":8},"end":{"line":237,"column":43}},"60":{"start":{"line":238,"column":8},"end":{"line":238,"column":11352}},"61":{"start":{"line":241,"column":12},"end":{"line":241,"column":63}},"62":{"start":{"line":244,"column":8},"end":{"line":244,"column":71}},"63":{"start":{"line":246,"column":8},"end":{"line":246,"column":49}},"64":{"start":{"line":254,"column":8},"end":{"line":254,"column":46}},"65":{"start":{"line":255,"column":8},"end":{"line":255,"column":57}},"66":{"start":{"line":258,"column":8},"end":{"line":258,"column":109}},"67":{"start":{"line":259,"column":8},"end":{"line":259,"column":44}},"68":{"start":{"line":262,"column":8},"end":{"line":262,"column":43}},"69":{"start":{"line":263,"column":8},"end":{"line":263,"column":12302}},"70":{"start":{"line":265,"column":12},"end":{"line":265,"column":71}},"71":{"start":{"line":269,"column":8},"end":{"line":269,"column":44}},"72":{"start":{"line":271,"column":8},"end":{"line":271,"column":50}},"73":{"start":{"line":278,"column":8},"end":{"line":278,"column":46}},"74":{"start":{"line":279,"column":8},"end":{"line":279,"column":57}},"75":{"start":{"line":281,"column":8},"end":{"line":281,"column":102}},"76":{"start":{"line":282,"column":8},"end":{"line":282,"column":81}},"77":{"start":{"line":285,"column":8},"end":{"line":285,"column":41}},"78":{"start":{"line":288,"column":8},"end":{"line":288,"column":13308}},"79":{"start":{"line":290,"column":12},"end":{"line":290,"column":56}},"80":{"start":{"line":293,"column":8},"end":{"line":293,"column":43}},"81":{"start":{"line":294,"column":8},"end":{"line":294,"column":13511}},"82":{"start":{"line":296,"column":12},"end":{"line":296,"column":84}},"83":{"start":{"line":299,"column":8},"end":{"line":299,"column":52}},"84":{"start":{"line":307,"column":8},"end":{"line":307,"column":46}},"85":{"start":{"line":308,"column":8},"end":{"line":308,"column":57}},"86":{"start":{"line":309,"column":8},"end":{"line":309,"column":102}},"87":{"start":{"line":310,"column":8},"end":{"line":310,"column":81}},"88":{"start":{"line":313,"column":8},"end":{"line":313,"column":110}},"89":{"start":{"line":314,"column":8},"end":{"line":314,"column":44}},"90":{"start":{"line":317,"column":8},"end":{"line":317,"column":52}},"91":{"start":{"line":319,"column":8},"end":{"line":319,"column":43}},"92":{"start":{"line":320,"column":8},"end":{"line":320,"column":14727}},"93":{"start":{"line":322,"column":12},"end":{"line":322,"column":83}},"94":{"start":{"line":325,"column":8},"end":{"line":325,"column":44}},"95":{"start":{"line":327,"column":8},"end":{"line":327,"column":50}},"96":{"start":{"line":328,"column":8},"end":{"line":328,"column":52}},"97":{"start":{"line":336,"column":8},"end":{"line":336,"column":57}},"98":{"start":{"line":337,"column":8},"end":{"line":337,"column":36}},"99":{"start":{"line":338,"column":8},"end":{"line":338,"column":22}},"100":{"start":{"line":339,"column":8},"end":{"line":339,"column":26}},"101":{"start":{"line":341,"column":8},"end":{"line":341,"column":43}},"102":{"start":{"line":342,"column":8},"end":{"line":342,"column":15510}},"103":{"start":{"line":345,"column":12},"end":{"line":345,"column":61}},"104":{"start":{"line":349,"column":8},"end":{"line":349,"column":44}},"105":{"start":{"line":350,"column":8},"end":{"line":350,"column":59}}},"branchMap":{"1":{"line":118,"type":"if","locations":[{"start":{"line":118,"column":8},"end":{"line":118,"column":8}},{"start":{"line":118,"column":8},"end":{"line":118,"column":8}}]},"2":{"line":119,"type":"if","locations":[{"start":{"line":119,"column":8},"end":{"line":119,"column":8}},{"start":{"line":119,"column":8},"end":{"line":119,"column":8}}]},"3":{"line":121,"type":"if","locations":[{"start":{"line":121,"column":8},"end":{"line":121,"column":8}},{"start":{"line":121,"column":8},"end":{"line":121,"column":8}}]},"4":{"line":145,"type":"if","locations":[{"start":{"line":145,"column":8},"end":{"line":145,"column":8}},{"start":{"line":145,"column":8},"end":{"line":145,"column":8}}]},"5":{"line":158,"type":"if","locations":[{"start":{"line":158,"column":8},"end":{"line":158,"column":8}},{"start":{"line":158,"column":8},"end":{"line":158,"column":8}}]},"6":{"line":163,"type":"if","locations":[{"start":{"line":163,"column":8},"end":{"line":163,"column":8}},{"start":{"line":163,"column":8},"end":{"line":163,"column":8}}]},"7":{"line":177,"type":"if","locations":[{"start":{"line":177,"column":8},"end":{"line":177,"column":8}},{"start":{"line":177,"column":8},"end":{"line":177,"column":8}}]},"8":{"line":202,"type":"if","locations":[{"start":{"line":202,"column":8},"end":{"line":202,"column":8}},{"start":{"line":202,"column":8},"end":{"line":202,"column":8}}]},"9":{"line":204,"type":"if","locations":[{"start":{"line":204,"column":12},"end":{"line":204,"column":12}},{"start":{"line":204,"column":12},"end":{"line":204,"column":12}}]},"10":{"line":238,"type":"if","locations":[{"start":{"line":238,"column":8},"end":{"line":238,"column":8}},{"start":{"line":238,"column":8},"end":{"line":238,"column":8}}]},"11":{"line":263,"type":"if","locations":[{"start":{"line":263,"column":8},"end":{"line":263,"column":8}},{"start":{"line":263,"column":8},"end":{"line":263,"column":8}}]},"12":{"line":288,"type":"if","locations":[{"start":{"line":288,"column":8},"end":{"line":288,"column":8}},{"start":{"line":288,"column":8},"end":{"line":288,"column":8}}]},"13":{"line":294,"type":"if","locations":[{"start":{"line":294,"column":8},"end":{"line":294,"column":8}},{"start":{"line":294,"column":8},"end":{"line":294,"column":8}}]},"14":{"line":320,"type":"if","locations":[{"start":{"line":320,"column":8},"end":{"line":320,"column":8}},{"start":{"line":320,"column":8},"end":{"line":320,"column":8}}]},"15":{"line":342,"type":"if","locations":[{"start":{"line":342,"column":8},"end":{"line":342,"column":8}},{"start":{"line":342,"column":8},"end":{"line":342,"column":8}}]}}},"contracts/Mocks/RewarderMock.sol":{"l":{"14":2,"18":2,"26":9,"27":9,"28":9,"41":0,"42":0,"43":0,"44":0,"47":0,"57":2,"59":2,"60":2,"61":0,"63":2},"path":"/Users/nobbyheell/Documents/workspace/myuniswap/智能合约/contracts/Mocks/RewarderMock.sol","s":{"1":2,"2":9,"3":9,"4":9,"5":0,"6":0,"7":0,"8":0,"9":0,"10":2,"11":2,"12":2,"13":0,"14":2},"b":{"1":[2,0],"2":[0,2]},"f":{"1":2,"2":9,"3":0,"4":2},"fnMap":{"1":{"name":"onlyMCV2","line":13,"loc":{"start":{"line":13,"column":4},"end":{"line":19,"column":4}}},"2":{"name":"constructor","line":21,"loc":{"start":{"line":21,"column":4},"end":{"line":29,"column":4}}},"3":{"name":"pendingTokens","line":31,"loc":{"start":{"line":31,"column":4},"end":{"line":48,"column":4}}},"4":{"name":"onSushiReward","line":56,"loc":{"start":{"line":50,"column":4},"end":{"line":65,"column":4}}}},"statementMap":{"1":{"start":{"line":14,"column":8},"end":{"line":14,"column":443}},"2":{"start":{"line":26,"column":8},"end":{"line":26,"column":43}},"3":{"start":{"line":27,"column":8},"end":{"line":27,"column":33}},"4":{"start":{"line":28,"column":8},"end":{"line":28,"column":51}},"5":{"start":{"line":41,"column":8},"end":{"line":41,"column":55}},"6":{"start":{"line":42,"column":8},"end":{"line":42,"column":39}},"7":{"start":{"line":43,"column":8},"end":{"line":43,"column":58}},"8":{"start":{"line":44,"column":8},"end":{"line":44,"column":1267}},"9":{"start":{"line":47,"column":8},"end":{"line":47,"column":46}},"10":{"start":{"line":57,"column":8},"end":{"line":57,"column":1603}},"11":{"start":{"line":59,"column":8},"end":{"line":59,"column":64}},"12":{"start":{"line":60,"column":8},"end":{"line":60,"column":1746}},"13":{"start":{"line":61,"column":12},"end":{"line":61,"column":57}},"14":{"start":{"line":63,"column":12},"end":{"line":63,"column":61}}},"branchMap":{"1":{"line":14,"type":"if","locations":[{"start":{"line":14,"column":8},"end":{"line":14,"column":8}},{"start":{"line":14,"column":8},"end":{"line":14,"column":8}}]},"2":{"line":60,"type":"if","locations":[{"start":{"line":60,"column":8},"end":{"line":60,"column":8}},{"start":{"line":60,"column":8},"end":{"line":60,"column":8}}]}}},"contracts/SafeMath.sol":{"l":{"5":3,"9":2,"13":12,"20":0,"25":1,"26":1,"27":1,"28":1,"29":66,"30":66,"33":0,"48":0,"53":0},"path":"/Users/nobbyheell/Documents/workspace/myuniswap/智能合约/contracts/SafeMath.sol","s":{"1":3,"2":2,"3":12,"4":0,"5":1,"6":1,"7":1,"8":1,"9":66,"10":66,"11":0,"12":0,"13":0,"14":0},"b":{"1":[3,0],"2":[2,0],"3":[12,0],"4":[1,0],"5":[0,0]},"f":{"1":3,"2":2,"3":12,"4":0,"5":1,"6":0,"7":0},"fnMap":{"1":{"name":"add","line":4,"loc":{"start":{"line":4,"column":4},"end":{"line":6,"column":4}}},"2":{"name":"sub","line":8,"loc":{"start":{"line":8,"column":4},"end":{"line":10,"column":4}}},"3":{"name":"mul","line":12,"loc":{"start":{"line":12,"column":4},"end":{"line":14,"column":4}}},"4":{"name":"min","line":19,"loc":{"start":{"line":19,"column":4},"end":{"line":21,"column":4}}},"5":{"name":"sqrt","line":24,"loc":{"start":{"line":24,"column":4},"end":{"line":35,"column":4}}},"6":{"name":"encode","line":47,"loc":{"start":{"line":47,"column":4},"end":{"line":49,"column":4}}},"7":{"name":"uqdiv","line":52,"loc":{"start":{"line":52,"column":4},"end":{"line":54,"column":4}}}},"statementMap":{"1":{"start":{"line":5,"column":8},"end":{"line":5,"column":56}},"2":{"start":{"line":9,"column":8},"end":{"line":9,"column":57}},"3":{"start":{"line":13,"column":8},"end":{"line":13,"column":70}},"4":{"start":{"line":20,"column":8},"end":{"line":20,"column":24}},"5":{"start":{"line":25,"column":8},"end":{"line":25,"column":758}},"6":{"start":{"line":26,"column":12},"end":{"line":26,"column":16}},"7":{"start":{"line":27,"column":12},"end":{"line":27,"column":30}},"8":{"start":{"line":28,"column":12},"end":{"line":28,"column":838}},"9":{"start":{"line":29,"column":16},"end":{"line":29,"column":20}},"10":{"start":{"line":30,"column":16},"end":{"line":30,"column":34}},"11":{"start":{"line":32,"column":15},"end":{"line":32,"column":939}},"12":{"start":{"line":33,"column":12},"end":{"line":33,"column":16}},"13":{"start":{"line":48,"column":8},"end":{"line":48,"column":28}},"14":{"start":{"line":53,"column":8},"end":{"line":53,"column":25}}},"branchMap":{"1":{"line":5,"type":"if","locations":[{"start":{"line":5,"column":8},"end":{"line":5,"column":8}},{"start":{"line":5,"column":8},"end":{"line":5,"column":8}}]},"2":{"line":9,"type":"if","locations":[{"start":{"line":9,"column":8},"end":{"line":9,"column":8}},{"start":{"line":9,"column":8},"end":{"line":9,"column":8}}]},"3":{"line":13,"type":"if","locations":[{"start":{"line":13,"column":8},"end":{"line":13,"column":8}},{"start":{"line":13,"column":8},"end":{"line":13,"column":8}}]},"4":{"line":25,"type":"if","locations":[{"start":{"line":25,"column":8},"end":{"line":25,"column":8}},{"start":{"line":25,"column":8},"end":{"line":25,"column":8}}]},"5":{"line":32,"type":"if","locations":[{"start":{"line":32,"column":15},"end":{"line":32,"column":15}},{"start":{"line":32,"column":15},"end":{"line":32,"column":15}}]}}},"contracts/SushiBar.sol":{"l":{"27":15,"31":7,"32":7,"36":7,"39":7,"40":7,"42":7,"43":4,"46":3,"49":3,"52":7,"53":7,"58":2,"59":2,"62":2,"64":2,"66":2,"67":2,"69":2,"74":3,"75":3},"path":"/Users/nobbyheell/Documents/workspace/myuniswap/智能合约/contracts/SushiBar.sol","s":{"1":15,"2":7,"3":7,"4":7,"5":7,"6":7,"7":7,"8":4,"9":3,"10":3,"11":7,"12":7,"13":2,"14":2,"15":2,"16":2,"17":2,"18":2,"19":2,"20":3,"21":3},"b":{"1":[7,0],"2":[4,3],"3":[2,0]},"f":{"1":15,"2":7,"3":2,"4":3},"fnMap":{"1":{"name":"constructor","line":26,"loc":{"start":{"line":26,"column":4},"end":{"line":28,"column":4}}},"2":{"name":"enter","line":30,"loc":{"start":{"line":30,"column":4},"end":{"line":55,"column":4}}},"3":{"name":"leave","line":57,"loc":{"start":{"line":57,"column":4},"end":{"line":71,"column":4}}},"4":{"name":"shareRevenue","line":73,"loc":{"start":{"line":73,"column":4},"end":{"line":76,"column":4}}}},"statementMap":{"1":{"start":{"line":27,"column":8},"end":{"line":27,"column":35}},"2":{"start":{"line":31,"column":8},"end":{"line":31,"column":780}},"3":{"start":{"line":32,"column":12},"end":{"line":32,"column":816}},"4":{"start":{"line":36,"column":12},"end":{"line":36,"column":51}},"5":{"start":{"line":39,"column":12},"end":{"line":39,"column":72}},"6":{"start":{"line":40,"column":12},"end":{"line":40,"column":30}},"7":{"start":{"line":42,"column":12},"end":{"line":42,"column":1187}},"8":{"start":{"line":43,"column":16},"end":{"line":43,"column":35}},"9":{"start":{"line":46,"column":16},"end":{"line":46,"column":1418}},"10":{"start":{"line":49,"column":16},"end":{"line":49,"column":45}},"11":{"start":{"line":52,"column":12},"end":{"line":52,"column":40}},"12":{"start":{"line":53,"column":12},"end":{"line":53,"column":55}},"13":{"start":{"line":58,"column":8},"end":{"line":58,"column":1805}},"14":{"start":{"line":59,"column":12},"end":{"line":59,"column":1852}},"15":{"start":{"line":62,"column":12},"end":{"line":62,"column":51}},"16":{"start":{"line":64,"column":12},"end":{"line":64,"column":2111}},"17":{"start":{"line":66,"column":12},"end":{"line":66,"column":48}},"18":{"start":{"line":67,"column":12},"end":{"line":67,"column":52}},"19":{"start":{"line":69,"column":12},"end":{"line":69,"column":62}},"20":{"start":{"line":74,"column":8},"end":{"line":74,"column":68}},"21":{"start":{"line":75,"column":8},"end":{"line":75,"column":34}}},"branchMap":{"1":{"line":31,"type":"if","locations":[{"start":{"line":31,"column":8},"end":{"line":31,"column":8}},{"start":{"line":31,"column":8},"end":{"line":31,"column":8}}]},"2":{"line":42,"type":"if","locations":[{"start":{"line":42,"column":12},"end":{"line":42,"column":12}},{"start":{"line":42,"column":12},"end":{"line":42,"column":12}}]},"3":{"line":58,"type":"if","locations":[{"start":{"line":58,"column":8},"end":{"line":58,"column":8}},{"start":{"line":58,"column":8},"end":{"line":58,"column":8}}]}}},"contracts/SushiToken.sol":{"l":{"13":20,"14":20,"62":0,"70":0,"92":0,"101":0,"110":0,"118":0,"119":0,"120":0,"121":0,"122":0,"135":0,"136":0,"151":0,"153":0,"154":0,"155":0,"159":0,"160":0,"164":0,"165":0,"168":0,"169":0,"170":0,"171":0,"172":0,"173":0,"174":0,"176":0,"178":0,"181":0,"187":0,"188":0,"189":0,"191":0,"193":0,"197":20,"198":0,"200":0,"201":0,"202":0,"203":0,"206":0,"208":0,"209":0,"210":0,"211":0,"224":0,"226":0,"227":0,"229":0,"230":0,"233":0,"237":0,"238":0,"242":0},"path":"/Users/nobbyheell/Documents/workspace/myuniswap/智能合约/contracts/SushiToken.sol","s":{"1":20,"2":20,"3":0,"4":0,"5":0,"6":0,"7":0,"8":0,"9":0,"10":0,"11":0,"12":0,"13":0,"14":0,"15":0,"16":0,"17":0,"18":0,"19":0,"20":0,"21":0,"22":0,"23":0,"24":0,"25":0,"26":0,"27":0,"28":0,"29":0,"30":0,"31":0,"32":0,"33":0,"34":0,"35":0,"36":0,"37":0,"38":0,"39":20,"40":0,"41":0,"42":0,"43":0,"44":0,"45":0,"46":0,"47":0,"48":0,"49":0,"50":0,"51":0,"52":0,"53":0,"54":0,"55":0,"56":0,"57":0,"58":0},"b":{"1":[0,0],"2":[0,0],"3":[0,0],"4":[0,0],"5":[0,0],"6":[0,0],"7":[0,0],"8":[0,0],"9":[0,0],"10":[0,20],"11":[0,0],"12":[0,0],"13":[0,0],"14":[0,0]},"f":{"1":20,"2":0,"3":0,"4":0,"5":0,"6":0,"7":0,"8":20,"9":0,"10":0,"11":0},"fnMap":{"1":{"name":"mint","line":12,"loc":{"start":{"line":12,"column":4},"end":{"line":15,"column":4}}},"2":{"name":"delegates","line":57,"loc":{"start":{"line":57,"column":4},"end":{"line":63,"column":4}}},"3":{"name":"delegate","line":69,"loc":{"start":{"line":69,"column":4},"end":{"line":71,"column":4}}},"4":{"name":"delegateBySig","line":82,"loc":{"start":{"line":82,"column":4},"end":{"line":123,"column":4}}},"5":{"name":"getCurrentVotes","line":130,"loc":{"start":{"line":130,"column":4},"end":{"line":137,"column":4}}},"6":{"name":"getPriorVotes","line":146,"loc":{"start":{"line":146,"column":4},"end":{"line":182,"column":4}}},"7":{"name":"_delegate","line":184,"loc":{"start":{"line":184,"column":4},"end":{"line":194,"column":4}}},"8":{"name":"_moveDelegates","line":196,"loc":{"start":{"line":196,"column":4},"end":{"line":214,"column":4}}},"9":{"name":"_writeCheckpoint","line":216,"loc":{"start":{"line":216,"column":4},"end":{"line":234,"column":4}}},"10":{"name":"safe32","line":236,"loc":{"start":{"line":236,"column":4},"end":{"line":239,"column":4}}},"11":{"name":"getChainId","line":241,"loc":{"start":{"line":241,"column":4},"end":{"line":243,"column":4}}}},"statementMap":{"1":{"start":{"line":13,"column":8},"end":{"line":13,"column":26}},"2":{"start":{"line":14,"column":8},"end":{"line":14,"column":59}},"3":{"start":{"line":62,"column":8},"end":{"line":62,"column":36}},"4":{"start":{"line":70,"column":8},"end":{"line":70,"column":47}},"5":{"start":{"line":92,"column":8},"end":{"line":92,"column":3538}},"6":{"start":{"line":101,"column":8},"end":{"line":101,"column":3768}},"7":{"start":{"line":110,"column":8},"end":{"line":110,"column":3968}},"8":{"start":{"line":118,"column":8},"end":{"line":118,"column":54}},"9":{"start":{"line":119,"column":8},"end":{"line":119,"column":82}},"10":{"start":{"line":120,"column":8},"end":{"line":120,"column":83}},"11":{"start":{"line":121,"column":8},"end":{"line":121,"column":84}},"12":{"start":{"line":122,"column":8},"end":{"line":122,"column":46}},"13":{"start":{"line":135,"column":8},"end":{"line":135,"column":53}},"14":{"start":{"line":136,"column":8},"end":{"line":136,"column":82}},"15":{"start":{"line":151,"column":8},"end":{"line":151,"column":86}},"16":{"start":{"line":153,"column":8},"end":{"line":153,"column":53}},"17":{"start":{"line":154,"column":8},"end":{"line":154,"column":5643}},"18":{"start":{"line":155,"column":12},"end":{"line":155,"column":20}},"19":{"start":{"line":159,"column":8},"end":{"line":159,"column":5752}},"20":{"start":{"line":160,"column":12},"end":{"line":160,"column":63}},"21":{"start":{"line":164,"column":8},"end":{"line":164,"column":5951}},"22":{"start":{"line":165,"column":12},"end":{"line":165,"column":20}},"23":{"start":{"line":168,"column":8},"end":{"line":168,"column":24}},"24":{"start":{"line":169,"column":8},"end":{"line":169,"column":39}},"25":{"start":{"line":170,"column":8},"end":{"line":170,"column":6114}},"26":{"start":{"line":171,"column":12},"end":{"line":171,"column":55}},"27":{"start":{"line":172,"column":12},"end":{"line":172,"column":63}},"28":{"start":{"line":173,"column":12},"end":{"line":173,"column":6303}},"29":{"start":{"line":174,"column":16},"end":{"line":174,"column":31}},"30":{"start":{"line":175,"column":19},"end":{"line":175,"column":6390}},"31":{"start":{"line":176,"column":16},"end":{"line":176,"column":29}},"32":{"start":{"line":178,"column":16},"end":{"line":178,"column":33}},"33":{"start":{"line":181,"column":8},"end":{"line":181,"column":48}},"34":{"start":{"line":187,"column":8},"end":{"line":187,"column":55}},"35":{"start":{"line":188,"column":8},"end":{"line":188,"column":55}},"36":{"start":{"line":189,"column":8},"end":{"line":189,"column":40}},"37":{"start":{"line":191,"column":8},"end":{"line":191,"column":67}},"38":{"start":{"line":193,"column":8},"end":{"line":193,"column":67}},"39":{"start":{"line":197,"column":8},"end":{"line":197,"column":7120}},"40":{"start":{"line":198,"column":12},"end":{"line":198,"column":7174}},"41":{"start":{"line":200,"column":16},"end":{"line":200,"column":57}},"42":{"start":{"line":201,"column":16},"end":{"line":201,"column":96}},"43":{"start":{"line":202,"column":16},"end":{"line":202,"column":57}},"44":{"start":{"line":203,"column":16},"end":{"line":203,"column":72}},"45":{"start":{"line":206,"column":12},"end":{"line":206,"column":7567}},"46":{"start":{"line":208,"column":16},"end":{"line":208,"column":57}},"47":{"start":{"line":209,"column":16},"end":{"line":209,"column":96}},"48":{"start":{"line":210,"column":16},"end":{"line":210,"column":57}},"49":{"start":{"line":211,"column":16},"end":{"line":211,"column":72}},"50":{"start":{"line":224,"column":8},"end":{"line":224,"column":106}},"51":{"start":{"line":226,"column":8},"end":{"line":226,"column":8244}},"52":{"start":{"line":227,"column":12},"end":{"line":227,"column":68}},"53":{"start":{"line":229,"column":12},"end":{"line":229,"column":83}},"54":{"start":{"line":230,"column":12},"end":{"line":230,"column":55}},"55":{"start":{"line":233,"column":8},"end":{"line":233,"column":64}},"56":{"start":{"line":237,"column":8},"end":{"line":237,"column":39}},"57":{"start":{"line":238,"column":8},"end":{"line":238,"column":24}},"58":{"start":{"line":242,"column":8},"end":{"line":242,"column":28}}},"branchMap":{"1":{"line":119,"type":"if","locations":[{"start":{"line":119,"column":8},"end":{"line":119,"column":8}},{"start":{"line":119,"column":8},"end":{"line":119,"column":8}}]},"2":{"line":120,"type":"if","locations":[{"start":{"line":120,"column":8},"end":{"line":120,"column":8}},{"start":{"line":120,"column":8},"end":{"line":120,"column":8}}]},"3":{"line":121,"type":"if","locations":[{"start":{"line":121,"column":8},"end":{"line":121,"column":8}},{"start":{"line":121,"column":8},"end":{"line":121,"column":8}}]},"4":{"line":151,"type":"if","locations":[{"start":{"line":151,"column":8},"end":{"line":151,"column":8}},{"start":{"line":151,"column":8},"end":{"line":151,"column":8}}]},"5":{"line":154,"type":"if","locations":[{"start":{"line":154,"column":8},"end":{"line":154,"column":8}},{"start":{"line":154,"column":8},"end":{"line":154,"column":8}}]},"6":{"line":159,"type":"if","locations":[{"start":{"line":159,"column":8},"end":{"line":159,"column":8}},{"start":{"line":159,"column":8},"end":{"line":159,"column":8}}]},"7":{"line":164,"type":"if","locations":[{"start":{"line":164,"column":8},"end":{"line":164,"column":8}},{"start":{"line":164,"column":8},"end":{"line":164,"column":8}}]},"8":{"line":173,"type":"if","locations":[{"start":{"line":173,"column":12},"end":{"line":173,"column":12}},{"start":{"line":173,"column":12},"end":{"line":173,"column":12}}]},"9":{"line":175,"type":"if","locations":[{"start":{"line":175,"column":19},"end":{"line":175,"column":19}},{"start":{"line":175,"column":19},"end":{"line":175,"column":19}}]},"10":{"line":197,"type":"if","locations":[{"start":{"line":197,"column":8},"end":{"line":197,"column":8}},{"start":{"line":197,"column":8},"end":{"line":197,"column":8}}]},"11":{"line":198,"type":"if","locations":[{"start":{"line":198,"column":12},"end":{"line":198,"column":12}},{"start":{"line":198,"column":12},"end":{"line":198,"column":12}}]},"12":{"line":206,"type":"if","locations":[{"start":{"line":206,"column":12},"end":{"line":206,"column":12}},{"start":{"line":206,"column":12},"end":{"line":206,"column":12}}]},"13":{"line":226,"type":"if","locations":[{"start":{"line":226,"column":8},"end":{"line":226,"column":8}},{"start":{"line":226,"column":8},"end":{"line":226,"column":8}}]},"14":{"line":237,"type":"if","locations":[{"start":{"line":237,"column":8},"end":{"line":237,"column":8}},{"start":{"line":237,"column":8},"end":{"line":237,"column":8}}]}}},"contracts/UniswapPair.sol":{"l":{"28":11,"41":2,"42":2,"43":2,"45":2,"49":0,"50":0,"51":0,"52":0,"53":0,"55":0,"60":0,"61":0,"62":0,"66":0,"67":0,"68":0,"69":0,"74":0,"75":0,"76":0,"82":0,"83":0,"84":0,"86":0,"87":0,"88":0,"89":0,"93":0,"97":0,"101":0,"108":0,"109":0,"116":0,"117":0,"118":0,"148":1,"149":1,"150":1,"151":1,"155":11,"161":9,"162":9,"163":9,"164":9,"171":1,"174":1,"175":1,"179":1,"180":1,"183":1,"184":1,"185":1,"186":1,"190":0,"194":1,"195":1,"198":1,"204":0,"206":0,"207":0,"210":0,"211":0,"214":0,"216":0,"217":0,"218":0,"219":0,"222":0,"225":0,"226":0,"228":0,"229":0,"230":0,"235":1,"236":1,"237":1,"239":0,"240":0,"242":1,"243":1,"244":1,"246":1,"251":0,"252":0,"257":0,"258":0,"259":0,"260":0,"261":0,"262":0,"264":0,"265":0,"271":0,"272":0,"273":0,"275":0,"276":0,"277":0,"278":0,"280":0,"281":0,"283":0,"284":0,"286":0,"289":0,"291":0,"293":0,"296":0,"300":3,"320":0,"328":8,"329":8,"330":8,"331":8,"332":8,"333":8,"334":8,"337":8,"338":8,"339":8,"340":8,"341":8},"path":"/Users/nobbyheell/Documents/workspace/myuniswap/智能合约/contracts/UniswapPair.sol","s":{"1":11,"2":2,"3":2,"4":2,"5":0,"6":0,"7":0,"8":0,"9":0,"10":0,"11":0,"12":0,"13":0,"14":0,"15":0,"16":0,"17":0,"18":0,"19":0,"20":0,"21":0,"22":0,"23":0,"24":0,"25":0,"26":0,"27":0,"28":0,"29":0,"30":0,"31":0,"32":0,"33":0,"34":1,"35":1,"36":1,"37":11,"38":9,"39":9,"40":9,"41":9,"42":1,"43":1,"44":1,"45":1,"46":1,"47":1,"48":1,"49":1,"50":1,"51":0,"52":1,"53":1,"54":1,"55":0,"56":0,"57":0,"58":0,"59":0,"60":0,"61":0,"62":0,"63":0,"64":0,"65":0,"66":0,"67":0,"68":0,"69":0,"70":0,"71":1,"72":1,"73":1,"74":0,"75":0,"76":1,"77":1,"78":1,"79":1,"80":0,"81":0,"82":0,"83":0,"84":0,"85":0,"86":0,"87":0,"88":0,"89":0,"90":0,"91":0,"92":0,"93":0,"94":0,"95":0,"96":0,"97":0,"98":0,"99":0,"100":0,"101":0,"102":0,"103":0,"104":0,"105":0,"106":0,"107":3,"108":0,"109":8,"110":8,"111":8,"112":8,"113":8,"114":8,"115":8,"116":8,"117":8,"118":8,"119":8},"b":{"1":[0,0],"2":[0,0],"3":[0,0],"4":[0,0],"5":[0,0],"6":[0,0],"7":[0,0],"8":[0,0],"9":[0,0],"10":[0,0],"11":[1,0],"12":[9,0],"13":[1,0],"14":[1,0],"15":[0,0],"16":[0,1],"17":[0,0],"18":[0,0],"19":[0,0],"20":[0,0],"21":[0,0],"22":[0,0],"23":[0,0],"24":[0,0],"25":[0,0],"26":[0,0],"27":[8,0],"28":[8,0],"29":[8,0]},"f":{"1":11,"2":2,"3":0,"4":0,"5":0,"6":0,"7":0,"8":0,"9":0,"10":0,"11":0,"12":1,"13":11,"14":9,"15":1,"16":0,"17":1,"18":0,"19":0,"20":3,"21":0,"22":0,"23":9,"24":0,"25":8,"26":0,"27":0,"28":0,"29":0},"fnMap":{"1":{"name":"constructor","line":22,"loc":{"start":{"line":22,"column":4},"end":{"line":37,"column":4}}},"2":{"name":"_mint","line":39,"loc":{"start":{"line":39,"column":4},"end":{"line":46,"column":4}}},"3":{"name":"_burn","line":48,"loc":{"start":{"line":48,"column":4},"end":{"line":56,"column":4}}},"4":{"name":"_approve","line":59,"loc":{"start":{"line":59,"column":4},"end":{"line":63,"column":4}}},"5":{"name":"approve","line":65,"loc":{"start":{"line":65,"column":4},"end":{"line":70,"column":4}}},"6":{"name":"_spendAllowance","line":73,"loc":{"start":{"line":73,"column":4},"end":{"line":79,"column":4}}},"7":{"name":"_transferFrom","line":81,"loc":{"start":{"line":81,"column":4},"end":{"line":90,"column":4}}},"8":{"name":"transferFrom","line":92,"loc":{"start":{"line":92,"column":4},"end":{"line":94,"column":4}}},"9":{"name":"transfer","line":96,"loc":{"start":{"line":96,"column":4},"end":{"line":98,"column":4}}},"10":{"name":"nounces","line":100,"loc":{"start":{"line":100,"column":4},"end":{"line":102,"column":4}}},"11":{"name":"permit","line":107,"loc":{"start":{"line":107,"column":4},"end":{"line":120,"column":4}}},"12":{"name":"lock","line":147,"loc":{"start":{"line":147,"column":4},"end":{"line":152,"column":4}}},"13":{"name":"constructor","line":154,"loc":{"start":{"line":154,"column":4},"end":{"line":156,"column":4}}},"14":{"name":"initialize","line":160,"loc":{"start":{"line":160,"column":4},"end":{"line":165,"column":4}}},"15":{"name":"mint","line":168,"loc":{"start":{"line":168,"column":4},"end":{"line":199,"column":4}}},"16":{"name":"burn","line":201,"loc":{"start":{"line":201,"column":4},"end":{"line":232,"column":4}}},"17":{"name":"_update","line":234,"loc":{"start":{"line":234,"column":4},"end":{"line":247,"column":4}}},"18":{"name":"_safeTransfer","line":250,"loc":{"start":{"line":250,"column":4},"end":{"line":253,"column":4}}},"19":{"name":"swap","line":256,"loc":{"start":{"line":256,"column":4},"end":{"line":297,"column":4}}},"20":{"name":"getReserves","line":299,"loc":{"start":{"line":299,"column":4},"end":{"line":301,"column":4}}},"21":{"name":"skim","line":303,"loc":{"start":{"line":303,"column":4},"end":{"line":305,"column":4}}},"22":{"name":"sync","line":307,"loc":{"start":{"line":307,"column":4},"end":{"line":309,"column":4}}},"23":{"name":"constructor","line":317,"loc":{"start":{"line":317,"column":4},"end":{"line":317,"column":18}}},"24":{"name":"allPairsLength","line":319,"loc":{"start":{"line":319,"column":4},"end":{"line":321,"column":4}}},"25":{"name":"createPair","line":327,"loc":{"start":{"line":327,"column":4},"end":{"line":342,"column":4}}},"26":{"name":"feeTo","line":343,"loc":{"start":{"line":343,"column":4},"end":{"line":343,"column":60}}},"27":{"name":"feeToSetter","line":344,"loc":{"start":{"line":344,"column":4},"end":{"line":344,"column":66}}},"28":{"name":"setFeeTo","line":346,"loc":{"start":{"line":346,"column":4},"end":{"line":346,"column":47}}},"29":{"name":"setFeeToSetter","line":347,"loc":{"start":{"line":347,"column":4},"end":{"line":347,"column":53}}}},"statementMap":{"1":{"start":{"line":28,"column":8},"end":{"line":28,"column":915}},"2":{"start":{"line":41,"column":8},"end":{"line":41,"column":27}},"3":{"start":{"line":43,"column":12},"end":{"line":43,"column":38}},"4":{"start":{"line":45,"column":8},"end":{"line":45,"column":49}},"5":{"start":{"line":49,"column":8},"end":{"line":49,"column":65}},"6":{"start":{"line":50,"column":8},"end":{"line":50,"column":73}},"7":{"start":{"line":52,"column":12},"end":{"line":52,"column":61}},"8":{"start":{"line":53,"column":12},"end":{"line":53,"column":47}},"9":{"start":{"line":55,"column":8},"end":{"line":55,"column":49}},"10":{"start":{"line":60,"column":8},"end":{"line":60,"column":71}},"11":{"start":{"line":61,"column":8},"end":{"line":61,"column":67}},"12":{"start":{"line":62,"column":8},"end":{"line":62,"column":41}},"13":{"start":{"line":66,"column":8},"end":{"line":66,"column":77}},"14":{"start":{"line":67,"column":8},"end":{"line":67,"column":44}},"15":{"start":{"line":68,"column":8},"end":{"line":68,"column":50}},"16":{"start":{"line":69,"column":8},"end":{"line":69,"column":19}},"17":{"start":{"line":74,"column":8},"end":{"line":74,"column":2624}},"18":{"start":{"line":76,"column":16},"end":{"line":76,"column":74}},"19":{"start":{"line":82,"column":8},"end":{"line":82,"column":2902}},"20":{"start":{"line":83,"column":12},"end":{"line":83,"column":89}},"21":{"start":{"line":84,"column":12},"end":{"line":84,"column":52}},"22":{"start":{"line":86,"column":8},"end":{"line":86,"column":52}},"23":{"start":{"line":87,"column":8},"end":{"line":87,"column":48}},"24":{"start":{"line":88,"column":8},"end":{"line":88,"column":39}},"25":{"start":{"line":89,"column":8},"end":{"line":89,"column":19}},"26":{"start":{"line":93,"column":8},"end":{"line":93,"column":46}},"27":{"start":{"line":97,"column":8},"end":{"line":97,"column":51}},"28":{"start":{"line":101,"column":8},"end":{"line":101,"column":30}},"29":{"start":{"line":108,"column":8},"end":{"line":108,"column":73}},"30":{"start":{"line":109,"column":8},"end":{"line":109,"column":3900}},"31":{"start":{"line":116,"column":8},"end":{"line":116,"column":59}},"32":{"start":{"line":117,"column":8},"end":{"line":117,"column":100}},"33":{"start":{"line":118,"column":8},"end":{"line":118,"column":38}},"34":{"start":{"line":148,"column":8},"end":{"line":148,"column":48}},"35":{"start":{"line":149,"column":8},"end":{"line":149,"column":16}},"36":{"start":{"line":151,"column":8},"end":{"line":151,"column":16}},"37":{"start":{"line":155,"column":8},"end":{"line":155,"column":27}},"38":{"start":{"line":161,"column":8},"end":{"line":161,"column":54}},"39":{"start":{"line":162,"column":8},"end":{"line":162,"column":24}},"40":{"start":{"line":163,"column":8},"end":{"line":163,"column":24}},"41":{"start":{"line":164,"column":8},"end":{"line":164,"column":23}},"42":{"start":{"line":171,"column":8},"end":{"line":171,"column":63}},"43":{"start":{"line":174,"column":8},"end":{"line":174,"column":63}},"44":{"start":{"line":175,"column":8},"end":{"line":175,"column":63}},"45":{"start":{"line":179,"column":8},"end":{"line":179,"column":45}},"46":{"start":{"line":180,"column":8},"end":{"line":180,"column":45}},"47":{"start":{"line":183,"column":8},"end":{"line":183,"column":39}},"48":{"start":{"line":184,"column":8},"end":{"line":184,"column":6218}},"49":{"start":{"line":185,"column":12},"end":{"line":185,"column":82}},"50":{"start":{"line":186,"column":12},"end":{"line":186,"column":47}},"51":{"start":{"line":190,"column":12},"end":{"line":190,"column":110}},"52":{"start":{"line":194,"column":8},"end":{"line":194,"column":75}},"53":{"start":{"line":195,"column":8},"end":{"line":195,"column":28}},"54":{"start":{"line":198,"column":8},"end":{"line":198,"column":56}},"55":{"start":{"line":204,"column":8},"end":{"line":204,"column":63}},"56":{"start":{"line":206,"column":8},"end":{"line":206,"column":32}},"57":{"start":{"line":207,"column":8},"end":{"line":207,"column":32}},"58":{"start":{"line":210,"column":8},"end":{"line":210,"column":64}},"59":{"start":{"line":211,"column":8},"end":{"line":211,"column":64}},"60":{"start":{"line":214,"column":8},"end":{"line":214,"column":49}},"61":{"start":{"line":216,"column":8},"end":{"line":216,"column":39}},"62":{"start":{"line":217,"column":8},"end":{"line":217,"column":55}},"63":{"start":{"line":218,"column":8},"end":{"line":218,"column":55}},"64":{"start":{"line":219,"column":8},"end":{"line":219,"column":86}},"65":{"start":{"line":222,"column":8},"end":{"line":222,"column":38}},"66":{"start":{"line":225,"column":8},"end":{"line":225,"column":42}},"67":{"start":{"line":226,"column":8},"end":{"line":226,"column":42}},"68":{"start":{"line":228,"column":8},"end":{"line":228,"column":58}},"69":{"start":{"line":229,"column":8},"end":{"line":229,"column":58}},"70":{"start":{"line":230,"column":8},"end":{"line":230,"column":56}},"71":{"start":{"line":235,"column":8},"end":{"line":235,"column":63}},"72":{"start":{"line":236,"column":8},"end":{"line":236,"column":64}},"73":{"start":{"line":237,"column":8},"end":{"line":237,"column":8423}},"74":{"start":{"line":239,"column":12},"end":{"line":239,"column":99}},"75":{"start":{"line":240,"column":12},"end":{"line":240,"column":99}},"76":{"start":{"line":242,"column":8},"end":{"line":242,"column":35}},"77":{"start":{"line":243,"column":8},"end":{"line":243,"column":35}},"78":{"start":{"line":244,"column":8},"end":{"line":244,"column":42}},"79":{"start":{"line":246,"column":8},"end":{"line":246,"column":37}},"80":{"start":{"line":251,"column":8},"end":{"line":251,"column":99}},"81":{"start":{"line":252,"column":8},"end":{"line":252,"column":92}},"82":{"start":{"line":257,"column":8},"end":{"line":257,"column":133}},"83":{"start":{"line":258,"column":8},"end":{"line":258,"column":63}},"84":{"start":{"line":259,"column":8},"end":{"line":259,"column":95}},"85":{"start":{"line":260,"column":8},"end":{"line":260,"column":21}},"86":{"start":{"line":261,"column":8},"end":{"line":261,"column":21}},"87":{"start":{"line":264,"column":12},"end":{"line":264,"column":68}},"88":{"start":{"line":264,"column":31},"end":{"line":264,"column":67}},"89":{"start":{"line":265,"column":12},"end":{"line":265,"column":68}},"90":{"start":{"line":265,"column":31},"end":{"line":265,"column":67}},"91":{"start":{"line":271,"column":12},"end":{"line":271,"column":108}},"92":{"start":{"line":271,"column":32},"end":{"line":271,"column":107}},"93":{"start":{"line":272,"column":12},"end":{"line":272,"column":61}},"94":{"start":{"line":273,"column":12},"end":{"line":273,"column":61}},"95":{"start":{"line":275,"column":8},"end":{"line":275,"column":22}},"96":{"start":{"line":276,"column":8},"end":{"line":276,"column":22}},"97":{"start":{"line":277,"column":8},"end":{"line":277,"column":10558}},"98":{"start":{"line":278,"column":12},"end":{"line":278,"column":43}},"99":{"start":{"line":280,"column":8},"end":{"line":280,"column":10666}},"100":{"start":{"line":281,"column":12},"end":{"line":281,"column":43}},"101":{"start":{"line":283,"column":8},"end":{"line":283,"column":83}},"102":{"start":{"line":286,"column":12},"end":{"line":286,"column":76}},"103":{"start":{"line":289,"column":12},"end":{"line":289,"column":76}},"104":{"start":{"line":291,"column":12},"end":{"line":291,"column":123}},"105":{"start":{"line":293,"column":8},"end":{"line":293,"column":56}},"106":{"start":{"line":296,"column":8},"end":{"line":296,"column":79}},"107":{"start":{"line":300,"column":8},"end":{"line":300,"column":55}},"108":{"start":{"line":320,"column":8},"end":{"line":320,"column":30}},"109":{"start":{"line":328,"column":8},"end":{"line":328,"column":59}},"110":{"start":{"line":329,"column":8},"end":{"line":329,"column":96}},"111":{"start":{"line":330,"column":8},"end":{"line":330,"column":66}},"112":{"start":{"line":331,"column":8},"end":{"line":331,"column":76}},"113":{"start":{"line":332,"column":8},"end":{"line":332,"column":62}},"114":{"start":{"line":333,"column":8},"end":{"line":333,"column":66}},"115":{"start":{"line":337,"column":8},"end":{"line":337,"column":54}},"116":{"start":{"line":338,"column":8},"end":{"line":338,"column":37}},"117":{"start":{"line":339,"column":8},"end":{"line":339,"column":37}},"118":{"start":{"line":340,"column":8},"end":{"line":340,"column":26}},"119":{"start":{"line":341,"column":8},"end":{"line":341,"column":63}}},"branchMap":{"1":{"line":49,"type":"if","locations":[{"start":{"line":49,"column":8},"end":{"line":49,"column":8}},{"start":{"line":49,"column":8},"end":{"line":49,"column":8}}]},"2":{"line":50,"type":"if","locations":[{"start":{"line":50,"column":8},"end":{"line":50,"column":8}},{"start":{"line":50,"column":8},"end":{"line":50,"column":8}}]},"3":{"line":60,"type":"if","locations":[{"start":{"line":60,"column":8},"end":{"line":60,"column":8}},{"start":{"line":60,"column":8},"end":{"line":60,"column":8}}]},"4":{"line":61,"type":"if","locations":[{"start":{"line":61,"column":8},"end":{"line":61,"column":8}},{"start":{"line":61,"column":8},"end":{"line":61,"column":8}}]},"5":{"line":66,"type":"if","locations":[{"start":{"line":66,"column":8},"end":{"line":66,"column":8}},{"start":{"line":66,"column":8},"end":{"line":66,"column":8}}]},"6":{"line":74,"type":"if","locations":[{"start":{"line":74,"column":8},"end":{"line":74,"column":8}},{"start":{"line":74,"column":8},"end":{"line":74,"column":8}}]},"7":{"line":82,"type":"if","locations":[{"start":{"line":82,"column":8},"end":{"line":82,"column":8}},{"start":{"line":82,"column":8},"end":{"line":82,"column":8}}]},"8":{"line":83,"type":"if","locations":[{"start":{"line":83,"column":12},"end":{"line":83,"column":12}},{"start":{"line":83,"column":12},"end":{"line":83,"column":12}}]},"9":{"line":108,"type":"if","locations":[{"start":{"line":108,"column":8},"end":{"line":108,"column":8}},{"start":{"line":108,"column":8},"end":{"line":108,"column":8}}]},"10":{"line":117,"type":"if","locations":[{"start":{"line":117,"column":8},"end":{"line":117,"column":8}},{"start":{"line":117,"column":8},"end":{"line":117,"column":8}}]},"11":{"line":148,"type":"if","locations":[{"start":{"line":148,"column":8},"end":{"line":148,"column":8}},{"start":{"line":148,"column":8},"end":{"line":148,"column":8}}]},"12":{"line":161,"type":"if","locations":[{"start":{"line":161,"column":8},"end":{"line":161,"column":8}},{"start":{"line":161,"column":8},"end":{"line":161,"column":8}}]},"13":{"line":184,"type":"if","locations":[{"start":{"line":184,"column":8},"end":{"line":184,"column":8}},{"start":{"line":184,"column":8},"end":{"line":184,"column":8}}]},"14":{"line":194,"type":"if","locations":[{"start":{"line":194,"column":8},"end":{"line":194,"column":8}},{"start":{"line":194,"column":8},"end":{"line":194,"column":8}}]},"15":{"line":219,"type":"if","locations":[{"start":{"line":219,"column":8},"end":{"line":219,"column":8}},{"start":{"line":219,"column":8},"end":{"line":219,"column":8}}]},"16":{"line":237,"type":"if","locations":[{"start":{"line":237,"column":8},"end":{"line":237,"column":8}},{"start":{"line":237,"column":8},"end":{"line":237,"column":8}}]},"17":{"line":252,"type":"if","locations":[{"start":{"line":252,"column":8},"end":{"line":252,"column":8}},{"start":{"line":252,"column":8},"end":{"line":252,"column":8}}]},"18":{"line":257,"type":"if","locations":[{"start":{"line":257,"column":8},"end":{"line":257,"column":8}},{"start":{"line":257,"column":8},"end":{"line":257,"column":8}}]},"19":{"line":259,"type":"if","locations":[{"start":{"line":259,"column":8},"end":{"line":259,"column":8}},{"start":{"line":259,"column":8},"end":{"line":259,"column":8}}]},"20":{"line":264,"type":"if","locations":[{"start":{"line":264,"column":12},"end":{"line":264,"column":12}},{"start":{"line":264,"column":12},"end":{"line":264,"column":12}}]},"21":{"line":265,"type":"if","locations":[{"start":{"line":265,"column":12},"end":{"line":265,"column":12}},{"start":{"line":265,"column":12},"end":{"line":265,"column":12}}]},"22":{"line":271,"type":"if","locations":[{"start":{"line":271,"column":12},"end":{"line":271,"column":12}},{"start":{"line":271,"column":12},"end":{"line":271,"column":12}}]},"23":{"line":277,"type":"if","locations":[{"start":{"line":277,"column":8},"end":{"line":277,"column":8}},{"start":{"line":277,"column":8},"end":{"line":277,"column":8}}]},"24":{"line":280,"type":"if","locations":[{"start":{"line":280,"column":8},"end":{"line":280,"column":8}},{"start":{"line":280,"column":8},"end":{"line":280,"column":8}}]},"25":{"line":283,"type":"if","locations":[{"start":{"line":283,"column":8},"end":{"line":283,"column":8}},{"start":{"line":283,"column":8},"end":{"line":283,"column":8}}]},"26":{"line":291,"type":"if","locations":[{"start":{"line":291,"column":12},"end":{"line":291,"column":12}},{"start":{"line":291,"column":12},"end":{"line":291,"column":12}}]},"27":{"line":328,"type":"if","locations":[{"start":{"line":328,"column":8},"end":{"line":328,"column":8}},{"start":{"line":328,"column":8},"end":{"line":328,"column":8}}]},"28":{"line":330,"type":"if","locations":[{"start":{"line":330,"column":8},"end":{"line":330,"column":8}},{"start":{"line":330,"column":8},"end":{"line":330,"column":8}}]},"29":{"line":331,"type":"if","locations":[{"start":{"line":331,"column":8},"end":{"line":331,"column":8}},{"start":{"line":331,"column":8},"end":{"line":331,"column":8}}]}}},"contracts/UniswapRoute02.sol":{"l":{"158":3,"159":3,"163":0,"167":0,"171":7,"172":7,"179":0,"190":7,"191":7,"192":7,"198":7,"199":0,"200":0,"201":0,"203":0,"204":0,"205":0,"206":0,"207":0,"209":0,"210":0,"211":0,"212":0,"228":2,"230":0,"232":0,"233":0,"235":0,"259":0,"260":0,"261":0,"262":0,"263":0,"264":0,"265":0,"267":0,"269":0,"272":0,"274":0,"277":0,"279":0,"280":0,"294":0,"299":0,"300":0,"301":0,"302":0,"312":0,"313":0,"314":0,"316":0,"317":0,"318":0,"319":0,"320":0,"321":0,"331":0,"332":0,"337":0,"338":0,"339":0,"340":0,"341":0,"353":5,"356":0,"358":0,"360":0,"362":0,"364":0,"365":0,"366":0,"437":5,"442":5,"447":4,"452":0,"457":0,"466":14,"467":14,"468":14,"472":7,"478":7,"479":7,"485":7,"490":5,"491":4,"492":2,"497":7,"498":7,"499":0,"503":4,"504":3,"505":1,"506":1,"507":1,"512":5,"513":4,"517":2,"519":2,"521":2,"522":2,"528":0,"529":0,"530":0,"531":0,"532":0,"533":0,"539":0,"540":0,"541":0,"542":0,"543":0,"544":0,"555":0,"556":0,"557":0,"564":0,"565":0,"569":0,"570":0},"path":"/Users/nobbyheell/Documents/workspace/myuniswap/智能合约/contracts/UniswapRoute02.sol","s":{"1":3,"2":3,"3":0,"4":0,"5":7,"6":7,"7":7,"8":7,"9":7,"10":0,"11":0,"12":0,"13":0,"14":0,"15":0,"16":0,"17":0,"18":0,"19":0,"20":0,"21":0,"22":2,"23":0,"24":0,"25":0,"26":0,"27":0,"28":0,"29":0,"30":0,"31":0,"32":0,"33":0,"34":0,"35":0,"36":0,"37":0,"38":0,"39":0,"40":0,"41":0,"42":0,"43":0,"44":0,"45":0,"46":0,"47":0,"48":0,"49":0,"50":0,"51":0,"52":0,"53":0,"54":0,"55":0,"56":0,"57":0,"58":0,"59":0,"60":0,"61":5,"62":0,"63":0,"64":0,"65":0,"66":0,"67":0,"68":0,"69":5,"70":5,"71":4,"72":0,"73":0,"74":14,"75":14,"76":14,"77":7,"78":7,"79":7,"80":7,"81":5,"82":4,"83":2,"84":7,"85":7,"86":0,"87":4,"88":3,"89":1,"90":1,"91":1,"92":5,"93":4,"94":2,"95":2,"96":2,"97":2,"98":0,"99":0,"100":0,"101":0,"102":0,"103":0,"104":0,"105":0,"106":0,"107":0,"108":0,"109":0,"110":0,"111":0,"112":0,"113":0,"114":0,"115":0,"116":0},"b":{"1":[7,0],"2":[7,0],"3":[0,0],"4":[0,0],"5":[0,0],"6":[0,0],"7":[0,0],"8":[0,0],"9":[0,0],"10":[0,0],"11":[0,0],"12":[0,0],"13":[0,0],"14":[14,0],"15":[14,0],"16":[4,1],"17":[2,2],"18":[3,1],"19":[1,2],"20":[4,1],"21":[2,2],"22":[0,0],"23":[0,0],"24":[0,0]},"f":{"1":3,"2":0,"3":0,"4":7,"5":7,"6":2,"7":0,"8":0,"9":0,"10":0,"11":0,"12":0,"13":5,"14":0,"15":0,"16":0,"17":0,"18":0,"19":0,"20":0,"21":0,"22":0,"23":0,"24":5,"25":5,"26":4,"27":0,"28":0,"29":14,"30":7,"31":7,"32":5,"33":7,"34":4,"35":5,"36":0,"37":0,"38":0,"39":0,"40":0},"fnMap":{"1":{"name":"constructor","line":157,"loc":{"start":{"line":157,"column":4},"end":{"line":160,"column":4}}},"2":{"name":"factory","line":162,"loc":{"start":{"line":162,"column":4},"end":{"line":164,"column":4}}},"3":{"name":"WETH","line":166,"loc":{"start":{"line":166,"column":4},"end":{"line":168,"column":4}}},"4":{"name":"ensure","line":170,"loc":{"start":{"line":170,"column":4},"end":{"line":173,"column":4}}},"5":{"name":"_addLiquidity","line":182,"loc":{"start":{"line":182,"column":4},"end":{"line":215,"column":4}}},"6":{"name":"addLiquidity","line":226,"loc":{"start":{"line":217,"column":4},"end":{"line":236,"column":4}}},"7":{"name":"removeLiquidityETHSupportingFeeOnTransferTokens","line":239,"loc":{"start":{"line":239,"column":4},"end":{"line":246,"column":47}}},"8":{"name":"removeLiquidityETHWithPermitSupportingFeeOnTransferTokens","line":247,"loc":{"start":{"line":247,"column":4},"end":{"line":255,"column":47}}},"9":{"name":"_swapExactTokens","line":257,"loc":{"start":{"line":257,"column":4},"end":{"line":282,"column":4}}},"10":{"name":"swapExactTokensForTokensSupportingFeeOnTransferTokens","line":291,"loc":{"start":{"line":285,"column":4},"end":{"line":303,"column":4}}},"11":{"name":"swapExactETHForTokensSupportingFeeOnTransferTokens","line":311,"loc":{"start":{"line":306,"column":4},"end":{"line":322,"column":4}}},"12":{"name":"swapExactTokensForETHSupportingFeeOnTransferTokens","line":330,"loc":{"start":{"line":324,"column":4},"end":{"line":342,"column":4}}},"13":{"name":"addLiquidityETH","line":351,"loc":{"start":{"line":344,"column":4},"end":{"line":368,"column":4}}},"14":{"name":"removeLiquidity","line":370,"loc":{"start":{"line":370,"column":4},"end":{"line":378,"column":59}}},"15":{"name":"removeLiquidityETH","line":379,"loc":{"start":{"line":379,"column":4},"end":{"line":386,"column":65}}},"16":{"name":"removeLiquidityWithPermit","line":387,"loc":{"start":{"line":387,"column":4},"end":{"line":396,"column":59}}},"17":{"name":"removeLiquidityETHWithPermit","line":397,"loc":{"start":{"line":397,"column":4},"end":{"line":405,"column":65}}},"18":{"name":"swapExactTokensForTokens","line":406,"loc":{"start":{"line":406,"column":4},"end":{"line":412,"column":54}}},"19":{"name":"swapTokensForExactTokens","line":413,"loc":{"start":{"line":413,"column":4},"end":{"line":419,"column":54}}},"20":{"name":"swapExactETHForTokens","line":420,"loc":{"start":{"line":420,"column":4},"end":{"line":423,"column":40}}},"21":{"name":"swapTokensForExactETH","line":424,"loc":{"start":{"line":424,"column":4},"end":{"line":426,"column":40}}},"22":{"name":"swapExactTokensForETH","line":427,"loc":{"start":{"line":427,"column":4},"end":{"line":429,"column":40}}},"23":{"name":"swapETHForExactTokens","line":430,"loc":{"start":{"line":430,"column":4},"end":{"line":433,"column":40}}},"24":{"name":"quote","line":436,"loc":{"start":{"line":436,"column":4},"end":{"line":438,"column":4}}},"25":{"name":"getAmountOut","line":441,"loc":{"start":{"line":441,"column":4},"end":{"line":443,"column":4}}},"26":{"name":"getAmountIn","line":446,"loc":{"start":{"line":446,"column":4},"end":{"line":448,"column":4}}},"27":{"name":"getAmountsOut","line":451,"loc":{"start":{"line":451,"column":4},"end":{"line":453,"column":4}}},"28":{"name":"getAmountsIn","line":456,"loc":{"start":{"line":456,"column":4},"end":{"line":458,"column":4}}},"29":{"name":"sortTokens","line":465,"loc":{"start":{"line":465,"column":4},"end":{"line":469,"column":4}}},"30":{"name":"_convert","line":471,"loc":{"start":{"line":471,"column":4},"end":{"line":473,"column":4}}},"31":{"name":"pairFor","line":476,"loc":{"start":{"line":476,"column":4},"end":{"line":486,"column":4}}},"32":{"name":"quote","line":489,"loc":{"start":{"line":489,"column":4},"end":{"line":493,"column":4}}},"33":{"name":"getReserves","line":496,"loc":{"start":{"line":496,"column":4},"end":{"line":500,"column":4}}},"34":{"name":"getAmountIn","line":502,"loc":{"start":{"line":502,"column":4},"end":{"line":508,"column":4}}},"35":{"name":"getAmountOut","line":511,"loc":{"start":{"line":511,"column":4},"end":{"line":524,"column":4}}},"36":{"name":"getAmountsOut","line":527,"loc":{"start":{"line":527,"column":4},"end":{"line":535,"column":4}}},"37":{"name":"getAmountsIn","line":538,"loc":{"start":{"line":538,"column":4},"end":{"line":546,"column":4}}},"38":{"name":"safeTransfer","line":552,"loc":{"start":{"line":552,"column":4},"end":{"line":558,"column":4}}},"39":{"name":"safeTransferFrom","line":560,"loc":{"start":{"line":560,"column":4},"end":{"line":566,"column":4}}},"40":{"name":"safeTransferETH","line":568,"loc":{"start":{"line":568,"column":4},"end":{"line":571,"column":4}}}},"statementMap":{"1":{"start":{"line":158,"column":8},"end":{"line":158,"column":19}},"2":{"start":{"line":159,"column":8},"end":{"line":159,"column":16}},"3":{"start":{"line":163,"column":8},"end":{"line":163,"column":23}},"4":{"start":{"line":167,"column":8},"end":{"line":167,"column":20}},"5":{"start":{"line":171,"column":8},"end":{"line":171,"column":76}},"6":{"start":{"line":190,"column":8},"end":{"line":190,"column":79}},"7":{"start":{"line":191,"column":8},"end":{"line":191,"column":6255}},"8":{"start":{"line":192,"column":12},"end":{"line":192,"column":65}},"9":{"start":{"line":198,"column":8},"end":{"line":198,"column":95}},"10":{"start":{"line":199,"column":8},"end":{"line":199,"column":6548}},"11":{"start":{"line":200,"column":12},"end":{"line":200,"column":35}},"12":{"start":{"line":201,"column":12},"end":{"line":201,"column":35}},"13":{"start":{"line":203,"column":12},"end":{"line":203,"column":84}},"14":{"start":{"line":204,"column":12},"end":{"line":204,"column":6781}},"15":{"start":{"line":205,"column":16},"end":{"line":205,"column":52}},"16":{"start":{"line":206,"column":16},"end":{"line":206,"column":31}},"17":{"start":{"line":207,"column":16},"end":{"line":207,"column":39}},"18":{"start":{"line":209,"column":16},"end":{"line":209,"column":83}},"19":{"start":{"line":210,"column":16},"end":{"line":210,"column":48}},"20":{"start":{"line":211,"column":16},"end":{"line":211,"column":53}},"21":{"start":{"line":212,"column":16},"end":{"line":212,"column":39}},"22":{"start":{"line":228,"column":8},"end":{"line":228,"column":113}},"23":{"start":{"line":230,"column":8},"end":{"line":230,"column":73}},"24":{"start":{"line":232,"column":8},"end":{"line":232,"column":73}},"25":{"start":{"line":233,"column":8},"end":{"line":233,"column":73}},"26":{"start":{"line":235,"column":8},"end":{"line":235,"column":48}},"27":{"start":{"line":259,"column":8},"end":{"line":259,"column":8784}},"28":{"start":{"line":260,"column":12},"end":{"line":260,"column":68}},"29":{"start":{"line":261,"column":12},"end":{"line":261,"column":74}},"30":{"start":{"line":262,"column":12},"end":{"line":262,"column":104}},"31":{"start":{"line":263,"column":12},"end":{"line":263,"column":28}},"32":{"start":{"line":264,"column":12},"end":{"line":264,"column":29}},"33":{"start":{"line":267,"column":16},"end":{"line":267,"column":68}},"34":{"start":{"line":269,"column":16},"end":{"line":269,"column":119}},"35":{"start":{"line":272,"column":16},"end":{"line":272,"column":82}},"36":{"start":{"line":274,"column":16},"end":{"line":274,"column":84}},"37":{"start":{"line":277,"column":12},"end":{"line":277,"column":108}},"38":{"start":{"line":279,"column":12},"end":{"line":279,"column":116}},"39":{"start":{"line":280,"column":12},"end":{"line":280,"column":62}},"40":{"start":{"line":294,"column":8},"end":{"line":294,"column":10420}},"41":{"start":{"line":299,"column":8},"end":{"line":299,"column":80}},"42":{"start":{"line":300,"column":8},"end":{"line":300,"column":34}},"43":{"start":{"line":301,"column":8},"end":{"line":301,"column":79}},"44":{"start":{"line":302,"column":8},"end":{"line":302,"column":98}},"45":{"start":{"line":312,"column":8},"end":{"line":312,"column":48}},"46":{"start":{"line":313,"column":8},"end":{"line":313,"column":49}},"47":{"start":{"line":314,"column":8},"end":{"line":314,"column":33}},"48":{"start":{"line":316,"column":8},"end":{"line":316,"column":48}},"49":{"start":{"line":317,"column":8},"end":{"line":317,"column":101}},"50":{"start":{"line":318,"column":8},"end":{"line":318,"column":80}},"51":{"start":{"line":319,"column":8},"end":{"line":319,"column":34}},"52":{"start":{"line":320,"column":8},"end":{"line":320,"column":79}},"53":{"start":{"line":321,"column":8},"end":{"line":321,"column":98}},"54":{"start":{"line":331,"column":8},"end":{"line":331,"column":60}},"55":{"start":{"line":332,"column":8},"end":{"line":332,"column":12059}},"56":{"start":{"line":337,"column":8},"end":{"line":337,"column":44}},"57":{"start":{"line":338,"column":8},"end":{"line":338,"column":61}},"58":{"start":{"line":339,"column":8},"end":{"line":339,"column":61}},"59":{"start":{"line":340,"column":8},"end":{"line":340,"column":39}},"60":{"start":{"line":341,"column":8},"end":{"line":341,"column":51}},"61":{"start":{"line":353,"column":8},"end":{"line":353,"column":122}},"62":{"start":{"line":356,"column":8},"end":{"line":356,"column":71}},"63":{"start":{"line":358,"column":8},"end":{"line":358,"column":76}},"64":{"start":{"line":360,"column":8},"end":{"line":360,"column":48}},"65":{"start":{"line":362,"column":8},"end":{"line":362,"column":55}},"66":{"start":{"line":364,"column":8},"end":{"line":364,"column":36}},"67":{"start":{"line":365,"column":8},"end":{"line":365,"column":13478}},"68":{"start":{"line":366,"column":12},"end":{"line":366,"column":76}},"69":{"start":{"line":437,"column":8},"end":{"line":437,"column":66}},"70":{"start":{"line":442,"column":8},"end":{"line":442,"column":77}},"71":{"start":{"line":447,"column":8},"end":{"line":447,"column":77}},"72":{"start":{"line":452,"column":8},"end":{"line":452,"column":71}},"73":{"start":{"line":457,"column":8},"end":{"line":457,"column":71}},"74":{"start":{"line":466,"column":8},"end":{"line":466,"column":60}},"75":{"start":{"line":467,"column":8},"end":{"line":467,"column":79}},"76":{"start":{"line":468,"column":8},"end":{"line":468,"column":61}},"77":{"start":{"line":472,"column":8},"end":{"line":472,"column":46}},"78":{"start":{"line":478,"column":8},"end":{"line":478,"column":69}},"79":{"start":{"line":479,"column":8},"end":{"line":479,"column":17799}},"80":{"start":{"line":485,"column":8},"end":{"line":485,"column":25}},"81":{"start":{"line":490,"column":8},"end":{"line":490,"column":68}},"82":{"start":{"line":491,"column":8},"end":{"line":491,"column":88}},"83":{"start":{"line":492,"column":8},"end":{"line":492,"column":49}},"84":{"start":{"line":497,"column":8},"end":{"line":497,"column":54}},"85":{"start":{"line":498,"column":8},"end":{"line":498,"column":110}},"86":{"start":{"line":499,"column":8},"end":{"line":499,"column":101}},"87":{"start":{"line":503,"column":8},"end":{"line":503,"column":77}},"88":{"start":{"line":504,"column":8},"end":{"line":504,"column":91}},"89":{"start":{"line":505,"column":8},"end":{"line":505,"column":59}},"90":{"start":{"line":506,"column":8},"end":{"line":506,"column":61}},"91":{"start":{"line":507,"column":8},"end":{"line":507,"column":50}},"92":{"start":{"line":512,"column":8},"end":{"line":512,"column":75}},"93":{"start":{"line":513,"column":8},"end":{"line":513,"column":91}},"94":{"start":{"line":517,"column":8},"end":{"line":517,"column":48}},"95":{"start":{"line":519,"column":8},"end":{"line":519,"column":56}},"96":{"start":{"line":521,"column":8},"end":{"line":521,"column":67}},"97":{"start":{"line":522,"column":8},"end":{"line":522,"column":42}},"98":{"start":{"line":528,"column":8},"end":{"line":528,"column":66}},"99":{"start":{"line":529,"column":8},"end":{"line":529,"column":40}},"100":{"start":{"line":530,"column":8},"end":{"line":530,"column":28}},"101":{"start":{"line":531,"column":8},"end":{"line":531,"column":20534}},"102":{"start":{"line":532,"column":12},"end":{"line":532,"column":89}},"103":{"start":{"line":533,"column":12},"end":{"line":533,"column":73}},"104":{"start":{"line":539,"column":8},"end":{"line":539,"column":66}},"105":{"start":{"line":540,"column":8},"end":{"line":540,"column":40}},"106":{"start":{"line":541,"column":8},"end":{"line":541,"column":43}},"107":{"start":{"line":542,"column":8},"end":{"line":542,"column":21070}},"108":{"start":{"line":543,"column":12},"end":{"line":543,"column":89}},"109":{"start":{"line":544,"column":12},"end":{"line":544,"column":72}},"110":{"start":{"line":555,"column":8},"end":{"line":555,"column":102}},"111":{"start":{"line":556,"column":8},"end":{"line":556,"column":108}},"112":{"start":{"line":557,"column":8},"end":{"line":557,"column":25}},"113":{"start":{"line":564,"column":8},"end":{"line":564,"column":50}},"114":{"start":{"line":565,"column":8},"end":{"line":565,"column":19}},"115":{"start":{"line":569,"column":8},"end":{"line":569,"column":34}},"116":{"start":{"line":570,"column":8},"end":{"line":570,"column":19}}},"branchMap":{"1":{"line":171,"type":"if","locations":[{"start":{"line":171,"column":8},"end":{"line":171,"column":8}},{"start":{"line":171,"column":8},"end":{"line":171,"column":8}}]},"2":{"line":191,"type":"if","locations":[{"start":{"line":191,"column":8},"end":{"line":191,"column":8}},{"start":{"line":191,"column":8},"end":{"line":191,"column":8}}]},"3":{"line":199,"type":"if","locations":[{"start":{"line":199,"column":8},"end":{"line":199,"column":8}},{"start":{"line":199,"column":8},"end":{"line":199,"column":8}}]},"4":{"line":204,"type":"if","locations":[{"start":{"line":204,"column":12},"end":{"line":204,"column":12}},{"start":{"line":204,"column":12},"end":{"line":204,"column":12}}]},"5":{"line":205,"type":"if","locations":[{"start":{"line":205,"column":16},"end":{"line":205,"column":16}},{"start":{"line":205,"column":16},"end":{"line":205,"column":16}}]},"6":{"line":211,"type":"if","locations":[{"start":{"line":211,"column":16},"end":{"line":211,"column":16}},{"start":{"line":211,"column":16},"end":{"line":211,"column":16}}]},"7":{"line":302,"type":"if","locations":[{"start":{"line":302,"column":8},"end":{"line":302,"column":8}},{"start":{"line":302,"column":8},"end":{"line":302,"column":8}}]},"8":{"line":312,"type":"if","locations":[{"start":{"line":312,"column":8},"end":{"line":312,"column":8}},{"start":{"line":312,"column":8},"end":{"line":312,"column":8}}]},"9":{"line":313,"type":"if","locations":[{"start":{"line":313,"column":8},"end":{"line":313,"column":8}},{"start":{"line":313,"column":8},"end":{"line":313,"column":8}}]},"10":{"line":321,"type":"if","locations":[{"start":{"line":321,"column":8},"end":{"line":321,"column":8}},{"start":{"line":321,"column":8},"end":{"line":321,"column":8}}]},"11":{"line":331,"type":"if","locations":[{"start":{"line":331,"column":8},"end":{"line":331,"column":8}},{"start":{"line":331,"column":8},"end":{"line":331,"column":8}}]},"12":{"line":339,"type":"if","locations":[{"start":{"line":339,"column":8},"end":{"line":339,"column":8}},{"start":{"line":339,"column":8},"end":{"line":339,"column":8}}]},"13":{"line":365,"type":"if","locations":[{"start":{"line":365,"column":8},"end":{"line":365,"column":8}},{"start":{"line":365,"column":8},"end":{"line":365,"column":8}}]},"14":{"line":466,"type":"if","locations":[{"start":{"line":466,"column":8},"end":{"line":466,"column":8}},{"start":{"line":466,"column":8},"end":{"line":466,"column":8}}]},"15":{"line":468,"type":"if","locations":[{"start":{"line":468,"column":8},"end":{"line":468,"column":8}},{"start":{"line":468,"column":8},"end":{"line":468,"column":8}}]},"16":{"line":490,"type":"if","locations":[{"start":{"line":490,"column":8},"end":{"line":490,"column":8}},{"start":{"line":490,"column":8},"end":{"line":490,"column":8}}]},"17":{"line":491,"type":"if","locations":[{"start":{"line":491,"column":8},"end":{"line":491,"column":8}},{"start":{"line":491,"column":8},"end":{"line":491,"column":8}}]},"18":{"line":503,"type":"if","locations":[{"start":{"line":503,"column":8},"end":{"line":503,"column":8}},{"start":{"line":503,"column":8},"end":{"line":503,"column":8}}]},"19":{"line":504,"type":"if","locations":[{"start":{"line":504,"column":8},"end":{"line":504,"column":8}},{"start":{"line":504,"column":8},"end":{"line":504,"column":8}}]},"20":{"line":512,"type":"if","locations":[{"start":{"line":512,"column":8},"end":{"line":512,"column":8}},{"start":{"line":512,"column":8},"end":{"line":512,"column":8}}]},"21":{"line":513,"type":"if","locations":[{"start":{"line":513,"column":8},"end":{"line":513,"column":8}},{"start":{"line":513,"column":8},"end":{"line":513,"column":8}}]},"22":{"line":528,"type":"if","locations":[{"start":{"line":528,"column":8},"end":{"line":528,"column":8}},{"start":{"line":528,"column":8},"end":{"line":528,"column":8}}]},"23":{"line":539,"type":"if","locations":[{"start":{"line":539,"column":8},"end":{"line":539,"column":8}},{"start":{"line":539,"column":8},"end":{"line":539,"column":8}}]},"24":{"line":556,"type":"if","locations":[{"start":{"line":556,"column":8},"end":{"line":556,"column":8}},{"start":{"line":556,"column":8},"end":{"line":556,"column":8}}]}}},"contracts/WETH10.sol":{"l":{"20":0,"24":0,"28":0,"32":13,"36":0,"40":0,"45":4,"46":4,"47":4,"51":0,"56":3,"57":3,"58":3,"62":2,"67":1,"68":1,"69":1,"75":2,"76":1,"77":1,"79":2,"80":2,"81":2,"82":2,"86":2,"90":0,"94":0,"98":6,"99":6,"103":6,"104":6,"109":6,"113":1,"114":1,"115":1,"116":1},"path":"/Users/nobbyheell/Documents/workspace/myuniswap/智能合约/contracts/WETH10.sol","s":{"1":0,"2":0,"3":0,"4":13,"5":0,"6":0,"7":4,"8":4,"9":4,"10":0,"11":3,"12":3,"13":3,"14":2,"15":1,"16":1,"17":2,"18":1,"19":1,"20":2,"21":2,"22":2,"23":2,"24":2,"25":0,"26":6,"27":6,"28":6,"29":6,"30":6,"31":1,"32":1,"33":1,"34":1},"b":{"1":[4,0],"2":[4,0],"3":[1,0],"4":[1,1],"5":[1,0],"6":[1,0]},"f":{"1":0,"2":0,"3":0,"4":13,"5":0,"6":0,"7":4,"8":0,"9":3,"10":2,"11":1,"12":2,"13":2,"14":0,"15":6,"16":6,"17":6,"18":1},"fnMap":{"1":{"name":"name","line":19,"loc":{"start":{"line":19,"column":4},"end":{"line":21,"column":4}}},"2":{"name":"symbol","line":23,"loc":{"start":{"line":23,"column":4},"end":{"line":25,"column":4}}},"3":{"name":"balanceOf","line":27,"loc":{"start":{"line":27,"column":4},"end":{"line":29,"column":4}}},"4":{"name":"getBalance","line":31,"loc":{"start":{"line":31,"column":4},"end":{"line":33,"column":4}}},"5":{"name":"decimals","line":35,"loc":{"start":{"line":35,"column":4},"end":{"line":37,"column":4}}},"6":{"name":"totalSupply","line":39,"loc":{"start":{"line":39,"column":4},"end":{"line":41,"column":4}}},"7":{"name":"_approve","line":44,"loc":{"start":{"line":44,"column":4},"end":{"line":48,"column":4}}},"8":{"name":"allowance","line":50,"loc":{"start":{"line":50,"column":4},"end":{"line":52,"column":4}}},"9":{"name":"approve","line":54,"loc":{"start":{"line":54,"column":4},"end":{"line":59,"column":4}}},"10":{"name":"getAllowance","line":61,"loc":{"start":{"line":61,"column":4},"end":{"line":63,"column":4}}},"11":{"name":"_spendAllowance","line":66,"loc":{"start":{"line":66,"column":4},"end":{"line":72,"column":4}}},"12":{"name":"_transferFrom","line":74,"loc":{"start":{"line":74,"column":4},"end":{"line":83,"column":4}}},"13":{"name":"transferFrom","line":85,"loc":{"start":{"line":85,"column":4},"end":{"line":87,"column":4}}},"14":{"name":"transfer","line":89,"loc":{"start":{"line":89,"column":4},"end":{"line":91,"column":4}}},"15":{"name":"constructor","line":97,"loc":{"start":{"line":97,"column":4},"end":{"line":100,"column":4}}},"16":{"name":"_deposit","line":102,"loc":{"start":{"line":102,"column":4},"end":{"line":105,"column":4}}},"17":{"name":"deposit","line":108,"loc":{"start":{"line":108,"column":4},"end":{"line":110,"column":4}}},"18":{"name":"withdraw","line":112,"loc":{"start":{"line":112,"column":4},"end":{"line":117,"column":4}}}},"statementMap":{"1":{"start":{"line":20,"column":8},"end":{"line":20,"column":20}},"2":{"start":{"line":24,"column":8},"end":{"line":24,"column":22}},"3":{"start":{"line":28,"column":8},"end":{"line":28,"column":32}},"4":{"start":{"line":32,"column":8},"end":{"line":32,"column":32}},"5":{"start":{"line":36,"column":8},"end":{"line":36,"column":24}},"6":{"start":{"line":40,"column":8},"end":{"line":40,"column":27}},"7":{"start":{"line":45,"column":8},"end":{"line":45,"column":71}},"8":{"start":{"line":46,"column":8},"end":{"line":46,"column":67}},"9":{"start":{"line":47,"column":8},"end":{"line":47,"column":42}},"10":{"start":{"line":51,"column":8},"end":{"line":51,"column":41}},"11":{"start":{"line":56,"column":8},"end":{"line":56,"column":44}},"12":{"start":{"line":57,"column":8},"end":{"line":57,"column":50}},"13":{"start":{"line":58,"column":8},"end":{"line":58,"column":19}},"14":{"start":{"line":62,"column":8},"end":{"line":62,"column":45}},"15":{"start":{"line":67,"column":8},"end":{"line":67,"column":2085}},"16":{"start":{"line":69,"column":16},"end":{"line":69,"column":75}},"17":{"start":{"line":75,"column":8},"end":{"line":75,"column":2365}},"18":{"start":{"line":76,"column":12},"end":{"line":76,"column":90}},"19":{"start":{"line":77,"column":12},"end":{"line":77,"column":52}},"20":{"start":{"line":79,"column":8},"end":{"line":79,"column":33}},"21":{"start":{"line":80,"column":8},"end":{"line":80,"column":30}},"22":{"start":{"line":81,"column":8},"end":{"line":81,"column":39}},"23":{"start":{"line":82,"column":8},"end":{"line":82,"column":19}},"24":{"start":{"line":86,"column":8},"end":{"line":86,"column":46}},"25":{"start":{"line":90,"column":8},"end":{"line":90,"column":51}},"26":{"start":{"line":98,"column":8},"end":{"line":98,"column":20}},"27":{"start":{"line":99,"column":8},"end":{"line":99,"column":36}},"28":{"start":{"line":103,"column":8},"end":{"line":103,"column":42}},"29":{"start":{"line":104,"column":8},"end":{"line":104,"column":42}},"30":{"start":{"line":109,"column":8},"end":{"line":109,"column":17}},"31":{"start":{"line":113,"column":8},"end":{"line":113,"column":69}},"32":{"start":{"line":114,"column":8},"end":{"line":114,"column":40}},"33":{"start":{"line":115,"column":8},"end":{"line":115,"column":44}},"34":{"start":{"line":116,"column":8},"end":{"line":116,"column":42}}},"branchMap":{"1":{"line":45,"type":"if","locations":[{"start":{"line":45,"column":8},"end":{"line":45,"column":8}},{"start":{"line":45,"column":8},"end":{"line":45,"column":8}}]},"2":{"line":46,"type":"if","locations":[{"start":{"line":46,"column":8},"end":{"line":46,"column":8}},{"start":{"line":46,"column":8},"end":{"line":46,"column":8}}]},"3":{"line":67,"type":"if","locations":[{"start":{"line":67,"column":8},"end":{"line":67,"column":8}},{"start":{"line":67,"column":8},"end":{"line":67,"column":8}}]},"4":{"line":75,"type":"if","locations":[{"start":{"line":75,"column":8},"end":{"line":75,"column":8}},{"start":{"line":75,"column":8},"end":{"line":75,"column":8}}]},"5":{"line":76,"type":"if","locations":[{"start":{"line":76,"column":12},"end":{"line":76,"column":12}},{"start":{"line":76,"column":12},"end":{"line":76,"column":12}}]},"6":{"line":113,"type":"if","locations":[{"start":{"line":113,"column":8},"end":{"line":113,"column":8}},{"start":{"line":113,"column":8},"end":{"line":113,"column":8}}]}}}}